Current working directory is /project/6006523/jepa/etpmc_cc/scripts/run_dbem
Starting run at:Thu 26 Sep 2024 05:17:39 AM PDT
“Starting task: 10”
 Species list:    10
 EtpSppList10.txt    
 Initializing, loading files...
          43
 600218    
 Results/c6gfdlF1sq/600218                                                      
  
 Read Parameters...
 Species/Distributions/S600218.csv       
forrtl: No such file or directory
forrtl: severe (29): file not found, unit 1, file /home/jepa/projects/def-wailung/Data/Species/Distributions/S600218.csv
Image              PC                Routine            Line        Source             
DBEM_v2_y          000000000043742C  Unknown               Unknown  Unknown
DBEM_v2_y          00000000004145E2  Unknown               Unknown  Unknown
DBEM_v2_y          000000000040B11D  Unknown               Unknown  Unknown
DBEM_v2_y          000000000040434D  Unknown               Unknown  Unknown
libc.so.6          0000148E8A24E94A  Unknown               Unknown  Unknown
libc.so.6          0000148E8A24EA05  __libc_start_main     Unknown  Unknown
DBEM_v2_y          0000000000404261  Unknown               Unknown  Unknown
Program ADRDisp finished with exit code 29 at: Thu 26 Sep 2024 05:21:34 AM PDT
