extracting data
SST complete
bot_temp complete
AdvectionU complete
AdvectionV complete
htotal_btm complete
htotal_surf complete
O2_btm complete
O2_surf complete
Salinity_btm complete
Salinity_surf complete
totalphy2 complete
IceExt complete
Current working directory is /project/6006523/jepa/etpmc_cc/protocols/run_dbem
Starting run at:Thu 26 Dec 2024 06:01:37 AM PST
“Starting task: 10”
 Read filenumber:    11
 Species list:    11
 EtpSppList11.txt    
 Initializing, loading files...
          11
 600218    
 Results/c6gfdl85F1rpc/600218                                                   
  
 Read Parameters...
 ~/projects/def-wailung/Data/Species/Distributions/S600218.csv                  
                                          
  2.068241845229950E-007
