tar: /home/jepa/projects/def-wailung/Data/Climate/C6MPI26_annual/SST_MPI26_y.tar.gz: Cannot open: No such file or directory
tar: Error is not recoverable: exiting now
tar: /home/jepa/projects/def-wailung/Data/Climate/C6MPI26_annual/bot_temp_MPI26_y.tar.gz: Cannot open: No such file or directory
tar: Error is not recoverable: exiting now
tar: /home/jepa/projects/def-wailung/Data/Climate/C6MPI26_annual/AdvectionU_MPI26_y.tar.gz: Cannot open: No such file or directory
tar: Error is not recoverable: exiting now
tar: /home/jepa/projects/def-wailung/Data/Climate/C6MPI26_annual/AdvectionV_MPI26_y.tar.gz: Cannot open: No such file or directory
tar: Error is not recoverable: exiting now
tar: /home/jepa/projects/def-wailung/Data/Climate/C6MPI26_annual/htotal_btm_MPI26_y.tar.gz: Cannot open: No such file or directory
tar: Error is not recoverable: exiting now
tar: /home/jepa/projects/def-wailung/Data/Climate/C6MPI26_annual/htotal_surf_MPI26_y.tar.gz: Cannot open: No such file or directory
tar: Error is not recoverable: exiting now
tar: /home/jepa/projects/def-wailung/Data/Climate/C6MPI26_annual/O2_btm_MPI26_y.tar.gz: Cannot open: No such file or directory
tar: Error is not recoverable: exiting now
tar: /home/jepa/projects/def-wailung/Data/Climate/C6MPI26_annual/O2_surf_MPI26_y.tar.gz: Cannot open: No such file or directory
tar: Error is not recoverable: exiting now
tar: /home/jepa/projects/def-wailung/Data/Climate/C6MPI26_annual/Salinity_btm_MPI26_y.tar.gz: Cannot open: No such file or directory
tar: Error is not recoverable: exiting now
tar: /home/jepa/projects/def-wailung/Data/Climate/C6MPI26_annual/Salinity_surf_MPI26_y.tar.gz: Cannot open: No such file or directory
tar: Error is not recoverable: exiting now
tar: /home/jepa/projects/def-wailung/Data/Climate/C6MPI26_annual/totalphy2_MPI26_y.tar.gz: Cannot open: No such file or directory
tar: Error is not recoverable: exiting now
tar: /home/jepa/projects/def-wailung/Data/Climate/C6MPI26_annual/IceExt_MPI26_y.tar.gz: Cannot open: No such file or directory
tar: Error is not recoverable: exiting now
forrtl: No such file or directory
forrtl: severe (29): file not found, unit 1, file /localscratch/jepa.52710144.0/bot_temp/bot_temp_1971.txt
Image              PC                Routine            Line        Source             
DBEM_v2_y          0000000000436FBB  Unknown               Unknown  Unknown
DBEM_v2_y          00000000004148ED  Unknown               Unknown  Unknown
DBEM_v2_y          000000000040975A  Unknown               Unknown  Unknown
DBEM_v2_y          000000000040432D  Unknown               Unknown  Unknown
libc.so.6          000015262504E94A  Unknown               Unknown  Unknown
libc.so.6          000015262504EA05  __libc_start_main     Unknown  Unknown
DBEM_v2_y          0000000000404241  Unknown               Unknown  Unknown
mkdir: cannot create directory ‘/home/jepa/scratch/Results/’: File exists
tar: Cowardly refusing to create an empty archive
Try 'tar --help' or 'tar --usage' for more information.
mv: cannot stat '__.tar.gz': No such file or directory
