extracting data
SST complete
bot_temp complete
AdvectionU complete
AdvectionV complete
htotal_btm complete
htotal_surf complete
O2_btm complete
O2_surf complete
Salinity_btm complete
Salinity_surf complete
totalphy2 complete
IceExt complete
Current working directory is /project/6006523/jepa/etpmc_cc/protocols/run_dbem
Starting run at:Sat 01 Feb 2025 05:57:32 PM PST
“Starting task: 10”
 Read filenumber:    10
 Species list:    10
 EtpSppList10.txt    
 Initializing, loading files...
          42
 600006    
 Results/c6ipsl26F1sqb/600006                                                   
  
 Read Parameters...
 Running Taxon C_hippurus          
 ~/projects/def-wailung/Data/Species/auc_distributions/S600006.csv              
                                          
  1.930846984377991E-007
 Thread           0  starting...
Program ADRDisp finished with exit code 38 at: Sat 01 Feb 2025 06:00:30 PM PST
