extracting data
SST complete
bot_temp complete
AdvectionU complete
AdvectionV complete
htotal_btm complete
htotal_surf complete
O2_btm complete
O2_surf complete
Salinity_btm complete
Salinity_surf complete
totalphy2 complete
IceExt complete
Current working directory is /project/6006523/jepa/etpmc_cc/protocols/run_dbem
Starting run at:Wed 22 Jan 2025 02:17:26 PM PST
“Starting task: 10”
 Read filenumber:    10
 Species list:    10
 EtpSppList10.txt    
 Initializing, loading files...
          43
Program ADRDisp finished with exit code 29 at: Wed 22 Jan 2025 02:19:14 PM PST
made process dirs
compressing DBEM outputs
Compressed as __.tar.gz
printing inside 
Now running python aggregation
Fatal error: cannot open file 'conversion_protocol.R': No such file or directory
Completed output conversion
