extracting data
SST complete
bot_temp complete
AdvectionU complete
AdvectionV complete
htotal_btm complete
htotal_surf complete
O2_btm complete
O2_surf complete
Salinity_btm complete
Salinity_surf complete
totalphy2 complete
IceExt complete
Current working directory is /project/6006523/jepa/etpmc_cc/protocols/run_dbem
Starting run at:Thu 01 May 2025 01:25:02 PM PDT
“Starting task: 10”
 Read filenumber:    10
 Species list:    10
 EtpSppList10.txt    
 Initializing, loading files...
           2
 600006    
 Results/c6gfdl26F0sqt/600006                                                   
  
 Read Parameters...
 Running Taxon C_hippurus          
 ~/projects/def-wailung/Data/Species/auc_distributions/S600006.csv              
                                          
  2.146895607922831E-007
 Thread           0  starting...
 600077    
 Results/c6gfdl26F0sqt/600077                                                   
  
 Read Parameters...
 Running Taxon I_platypterus       
 ~/projects/def-wailung/Data/Species/auc_distributions/S600077.csv              
                                          
  2.105946581986330E-007
 Thread           0  starting...
 Time step =         1951
 K1   1110057.    
 Catch=  0.000000000000000E+000
 Abd=   1190923.    
 K=   1190923.    
 K1   7267302.    
 Catch=  0.000000000000000E+000
 Abd=  1.3036595E+07
 K=  1.3036595E+07
 Time step =         1952
 K1   1110057.    
 Catch=  0.000000000000000E+000
 Abd=   1113441.    
 K=   1113441.    
 K1   7267302.    
 Catch=  0.000000000000000E+000
 Abd=  1.1388318E+07
 K=  1.1388318E+07
 Time step =         1953
 K1   1110057.    
 Catch=  0.000000000000000E+000
 Abd=   1101926.    
 K=   1101926.    
 K1   7267302.    
 Catch=  0.000000000000000E+000
 Abd=  1.0377666E+07
 K=  1.0377666E+07
 Time step =         1954
 K1   1110057.    
 Catch=  0.000000000000000E+000
 Abd=   1100057.    
 K=   1100057.    
 K1   7267302.    
 Catch=  0.000000000000000E+000
 Abd=   9683968.    
 K=   9683968.    
 Time step =         1955
 K1   1110057.    
 Catch=  0.000000000000000E+000
 Abd=   1099728.    
 K=   1099728.    
 K1   7267302.    
 Catch=  0.000000000000000E+000
 Abd=   9177208.    
 K=   9177208.    
 Time step =         1956
 K1   1110057.    
 Catch=  0.000000000000000E+000
 Abd=   1099683.    
 K=   1099683.    
 K1   7267302.    
 Catch=  0.000000000000000E+000
 Abd=   8791977.    
 K=   8791977.    
 Time step =         1957
 K1   1110057.    
 Catch=  0.000000000000000E+000
 Abd=   1099669.    
 K=   1099669.    
 K1   7267302.    
 Catch=  0.000000000000000E+000
 Abd=   8490868.    
 K=   8490868.    
 Time step =         1958
 K1   1110057.    
 Catch=  0.000000000000000E+000
 Abd=   1099666.    
 K=   1099666.    
 K1   7267302.    
 Catch=  0.000000000000000E+000
 Abd=   8250827.    
 K=   8250827.    
 Time step =         1959
 K1   1110057.    
 Catch=  0.000000000000000E+000
 Abd=   1099664.    
 K=   1099664.    
 K1   7267302.    
 Catch=  0.000000000000000E+000
 Abd=   8056311.    
 K=   8056311.    
 Time step =         1960
 K1   1110057.    
 Catch=  0.000000000000000E+000
 Abd=   1099664.    
 K=   1099664.    
 K1   7267302.    
 Catch=  0.000000000000000E+000
 Abd=   7896895.    
 K=   7896895.    
 Time step =         1961
 K1   1110057.    
 Catch=  0.000000000000000E+000
 Abd=   1099664.    
 K=   1099664.    
 K1   7267302.    
 Catch=  0.000000000000000E+000
 Abd=   7765033.    
 K=   7765033.    
 Time step =         1962
 K1   1110057.    
 Catch=  0.000000000000000E+000
 Abd=   1099664.    
 K=   1099664.    
 K1   7267302.    
 Catch=  0.000000000000000E+000
 Abd=   7654966.    
 K=   7654966.    
 Time step =         1963
 K1   1110057.    
 Catch=  0.000000000000000E+000
 Abd=   1099664.    
 K=   1099664.    
 K1   7267302.    
 Catch=  0.000000000000000E+000
 Abd=   7562674.    
 K=   7562674.    
 Time step =         1964
 K1   1110057.    
 Catch=  0.000000000000000E+000
 Abd=   1099664.    
 K=   1099664.    
 K1   7267302.    
 Catch=  0.000000000000000E+000
 Abd=   7484808.    
 K=   7484808.    
 Time step =         1965
 K1   1110057.    
 Catch=  0.000000000000000E+000
 Abd=   1099664.    
 K=   1099664.    
 K1   7267302.    
 Catch=  0.000000000000000E+000
 Abd=   7418794.    
 K=   7418794.    
 Time step =         1966
 K1   1110057.    
 Catch=  0.000000000000000E+000
 Abd=   1099664.    
 K=   1099664.    
 K1   7267302.    
 Catch=  0.000000000000000E+000
 Abd=   7362549.    
 K=   7362549.    
 Time step =         1967
 K1   1110057.    
 Catch=  0.000000000000000E+000
 Abd=   1099664.    
 K=   1099664.    
 K1   7267302.    
 Catch=  0.000000000000000E+000
 Abd=   7314582.    
 K=   7314582.    
 Time step =         1968
 K1   1110057.    
 Catch=  0.000000000000000E+000
 Abd=   1099664.    
 K=   1099664.    
 K1   7267302.    
 Catch=  0.000000000000000E+000
 Abd=   7273472.    
 K=   7273472.    
 Time step =         1969
 K1   1110057.    
 Catch=  0.000000000000000E+000
 Abd=   1099664.    
 K=   1099664.    
 K1   7267302.    
 Catch=  0.000000000000000E+000
 Abd=   7238153.    
 K=   7238153.    
 Time step =         1970
 K1   1110057.    
 Catch=  0.000000000000000E+000
 Abd=   1099664.    
 K=   1099664.    
 K1   7267302.    
 Catch=  0.000000000000000E+000
 Abd=   7207752.    
 K=   7207752.    
 Time step =         1951
 K1   1110057.    
 Catch=  0.000000000000000E+000
 Abd=   1099664.    
 K=   1099664.    
 K1   7267302.    
 Catch=  0.000000000000000E+000
 Abd=   7181502.    
 K=   7181502.    
 Time step =         1952
 K1   1110057.    
 Catch=  0.000000000000000E+000
 Abd=   1099664.    
 K=   1099664.    
 K1   7267302.    
 Catch=  0.000000000000000E+000
 Abd=   7158754.    
 K=   7158754.    
 Time step =         1953
 K1   1110057.    
 Catch=  0.000000000000000E+000
 Abd=   1099664.    
 K=   1099664.    
 K1   7267302.    
 Catch=  0.000000000000000E+000
 Abd=   7139066.    
 K=   7139066.    
 Time step =         1954
 K1   1110057.    
 Catch=  0.000000000000000E+000
 Abd=   1099664.    
 K=   1099664.    
 K1   7267302.    
 Catch=  0.000000000000000E+000
 Abd=   7121968.    
 K=   7121968.    
 Time step =         1955
 K1   1110057.    
 Catch=  0.000000000000000E+000
 Abd=   1099664.    
 K=   1099664.    
 K1   7267302.    
 Catch=  0.000000000000000E+000
 Abd=   7107074.    
 K=   7107074.    
 Time step =         1956
 K1   1110057.    
 Catch=  0.000000000000000E+000
 Abd=   1099664.    
 K=   1099664.    
 K1   7267302.    
 Catch=  0.000000000000000E+000
 Abd=   7093998.    
 K=   7093998.    
 Time step =         1957
 K1   1110057.    
 Catch=  0.000000000000000E+000
 Abd=   1099664.    
 K=   1099664.    
 K1   7267302.    
 Catch=  0.000000000000000E+000
 Abd=   7082559.    
 K=   7082559.    
 Time step =         1958
 K1   1110057.    
 Catch=  0.000000000000000E+000
 Abd=   1099664.    
 K=   1099664.    
 K1   7267302.    
 Catch=  0.000000000000000E+000
 Abd=   7072590.    
 K=   7072590.    
 Time step =         1959
 K1   1110057.    
 Catch=  0.000000000000000E+000
 Abd=   1099664.    
 K=   1099664.    
 K1   7267302.    
 Catch=  0.000000000000000E+000
 Abd=   7063843.    
 K=   7063843.    
 Time step =         1960
 K1   1110057.    
 Catch=  0.000000000000000E+000
 Abd=   1099664.    
 K=   1099664.    
 K1   7267302.    
 Catch=  0.000000000000000E+000
 Abd=   7056158.    
 K=   7056158.    
 Time step =         1961
 K1   1110057.    
 Catch=  0.000000000000000E+000
 Abd=   1099664.    
 K=   1099664.    
 K1   7267302.    
 Catch=  0.000000000000000E+000
 Abd=   7049344.    
 K=   7049344.    
 Time step =         1962
 K1   1110057.    
 Catch=  0.000000000000000E+000
 Abd=   1099664.    
 K=   1099664.    
 K1   7267302.    
 Catch=  0.000000000000000E+000
 Abd=   7043236.    
 K=   7043236.    
 Time step =         1963
 K1   1110057.    
 Catch=  0.000000000000000E+000
 Abd=   1099664.    
 K=   1099664.    
 K1   7267302.    
 Catch=  0.000000000000000E+000
 Abd=   7038044.    
 K=   7038044.    
 Time step =         1964
 K1   1110057.    
 Catch=  0.000000000000000E+000
 Abd=   1099664.    
 K=   1099664.    
 K1   7267302.    
 Catch=  0.000000000000000E+000
 Abd=   7033398.    
 K=   7033398.    
 Time step =         1965
 K1   1110057.    
 Catch=  0.000000000000000E+000
 Abd=   1099664.    
 K=   1099664.    
 K1   7267302.    
 Catch=  0.000000000000000E+000
 Abd=   7028941.    
 K=   7028941.    
 Time step =         1966
 K1   1110057.    
 Catch=  0.000000000000000E+000
 Abd=   1099664.    
 K=   1099664.    
 K1   7267302.    
 Catch=  0.000000000000000E+000
 Abd=   7025447.    
 K=   7025447.    
 Time step =         1967
 K1   1110057.    
 Catch=  0.000000000000000E+000
 Abd=   1099664.    
 K=   1099664.    
 K1   7267302.    
 Catch=  0.000000000000000E+000
 Abd=   7022180.    
 K=   7022180.    
 Time step =         1968
 K1   1110057.    
 Catch=  0.000000000000000E+000
 Abd=   1099664.    
 K=   1099664.    
 K1   7267302.    
 Catch=  0.000000000000000E+000
 Abd=   7019400.    
 K=   7019400.    
 Time step =         1969
 K1   1110057.    
 Catch=  0.000000000000000E+000
 Abd=   1099664.    
 K=   1099664.    
 K1   7267302.    
 Catch=  0.000000000000000E+000
 Abd=   7016751.    
 K=   7016751.    
 Time step =         1970
 K1   1110057.    
 Catch=  0.000000000000000E+000
 Abd=   1099664.    
 K=   1099664.    
 K1   7267302.    
 Catch=  0.000000000000000E+000
 Abd=   7014416.    
 K=   7014416.    
 Time step =         1951
 K1   1110057.    
 Catch=  0.000000000000000E+000
 Abd=   1099664.    
 K=   1099664.    
 K1   7267302.    
 Catch=  0.000000000000000E+000
 Abd=   7012516.    
 K=   7012516.    
 Time step =         1952
 K1   1110057.    
 Catch=  0.000000000000000E+000
 Abd=   1099664.    
 K=   1099664.    
 K1   7267302.    
 Catch=  0.000000000000000E+000
 Abd=   7010755.    
 K=   7010755.    
 Time step =         1953
 K1   1110057.    
 Catch=  0.000000000000000E+000
 Abd=   1099664.    
 K=   1099664.    
 K1   7267302.    
 Catch=  0.000000000000000E+000
 Abd=   7009411.    
 K=   7009411.    
 Time step =         1954
 K1   1110057.    
 Catch=  0.000000000000000E+000
 Abd=   1099664.    
 K=   1099664.    
 K1   7267302.    
 Catch=  0.000000000000000E+000
 Abd=   7008152.    
 K=   7008152.    
 Time step =         1955
 K1   1110057.    
 Catch=  0.000000000000000E+000
 Abd=   1099664.    
 K=   1099664.    
 K1   7267302.    
 Catch=  0.000000000000000E+000
 Abd=   7006746.    
 K=   7006746.    
 Time step =         1956
 K1   1110057.    
 Catch=  0.000000000000000E+000
 Abd=   1099664.    
 K=   1099664.    
 K1   7267302.    
 Catch=  0.000000000000000E+000
 Abd=   7005584.    
 K=   7005584.    
 Time step =         1957
 K1   1110057.    
 Catch=  0.000000000000000E+000
 Abd=   1099664.    
 K=   1099664.    
 K1   7267302.    
 Catch=  0.000000000000000E+000
 Abd=   7004561.    
 K=   7004561.    
 Time step =         1958
 K1   1110057.    
 Catch=  0.000000000000000E+000
 Abd=   1099664.    
 K=   1099664.    
 K1   7267302.    
 Catch=  0.000000000000000E+000
 Abd=   7003550.    
 K=   7003550.    
 Time step =         1959
 K1   1110057.    
 Catch=  0.000000000000000E+000
 Abd=   1099664.    
 K=   1099664.    
 K1   7267302.    
 Catch=  0.000000000000000E+000
Program ADRDisp finished with exit code 29 at: Thu 01 May 2025 02:05:22 PM PDT
