Current working directory: /home/jepa/projects/def-wailung/jepa/etpmc_cc/protocols/run_dbem
Starting run at: Tue Feb 11 13:37:14 PST 2025
[1] "1"
[1] "c6gfdl26F1rpp"
[1] "600006"
[1] "Catch"
[1] "c6gfdl26F1rpp"
[1] "600077"
[1] "Catch"
[1] "c6gfdl26F1rpp"
[1] "600089"
[1] "Catch"
[1] "c6gfdl26F1rpp"
[1] "600098"
[1] "Catch"
[1] "c6gfdl26F1rpp"
[1] "600107"
[1] "Catch"
[1] "c6gfdl26F1rpp"
[1] "600114"
[1] "Catch"
[1] "c6gfdl26F1rpp"
[1] "600117"
[1] "Catch"
[1] "c6gfdl26F1rpp"
[1] "600136"
[1] "Catch"
[1] "c6gfdl26F1rpp"
[1] "600143"
[1] "Catch"
[1] "c6gfdl26F1rpp"
[1] "600146"
[1] "Catch"
[1] "c6gfdl26F1rpp"
[1] "600216"
[1] "Catch"
[1] "c6gfdl26F1rpp"
[1] "600217"
[1] "Catch"
[1] "c6gfdl26F1rpp"
[1] "600223"
[1] "Catch"
[1] "c6gfdl26F1rpp"
[1] "600226"
[1] "Catch"
[1] "c6gfdl26F1rpp"
[1] "600348"
[1] "Catch"
[1] "c6gfdl26F1rpp"
[1] "600382"
[1] "Catch"
[1] "c6gfdl26F1rpp"
[1] "600412"
[1] "Catch"
[1] "c6gfdl26F1rpp"
[1] "600752"
[1] "Catch"
[1] "c6gfdl26F1rpp"
[1] "600753"
[1] "Catch"
[1] "c6gfdl26F1rpp"
[1] "600785"
[1] "Catch"
[1] "c6gfdl26F1rpp"
[1] "600868"
[1] "Catch"
[1] "c6gfdl26F1rpp"
[1] "600874"
[1] "Catch"
[1] "c6gfdl26F1rpp"
[1] "600875"
[1] "Catch"
[1] "c6gfdl26F1rpp"
[1] "600886"
[1] "Catch"
[1] "c6gfdl26F1rpp"
[1] "600898"
[1] "Catch"
[1] "c6gfdl26F1rpp"
[1] "600912"
[1] "Catch"
[1] "c6gfdl26F1rpp"
[1] "600917"
[1] "Catch"
[1] "c6gfdl26F1rpp"
[1] "601408"
[1] "Catch"
[1] "c6gfdl26F1rpp"
[1] "601732"
[1] "Catch"
[1] "c6gfdl26F1rpp"
[1] "601906"
[1] "Catch"
[1] "c6gfdl26F1rpp"
[1] "601917"
[1] "Catch"
[1] "c6gfdl26F1rpp"
[1] "602532"
[1] "Catch"
[1] "c6gfdl26F1rpp"
[1] "602534"
[1] "Catch"
[1] "c6gfdl26F1rpp"
[1] "602535"
[1] "Catch"
[1] "c6gfdl26F1rpp"
[1] "603334"
[1] "Catch"
[1] "c6gfdl26F1rpp"
[1] "603539"
[1] "Catch"
[1] "c6gfdl26F1rpp"
[1] "603915"
[1] "Catch"
[1] "c6gfdl26F1rpp"
[1] "605548"
[1] "Catch"
[1] "c6gfdl26F1rpp"
[1] "690032"
[1] "Catch"
[1] "c6gfdl26F1rpp"
[1] "690206"
[1] "Catch"
[1] "c6gfdl26F1rpp"
[1] "690433"
[1] "Catch"
[1] "c6gfdl26F1rpp"
[1] "690619"
[1] "Catch"
[1] "1"
[1] "c6gfdl26F1rpc"
[1] "600006"
[1] "Catch"
[1] "c6gfdl26F1rpc"
[1] "600077"
[1] "Catch"
[1] "c6gfdl26F1rpc"
[1] "600089"
[1] "Catch"
[1] "c6gfdl26F1rpc"
[1] "600098"
[1] "Catch"
[1] "c6gfdl26F1rpc"
[1] "600107"
[1] "Catch"
[1] "c6gfdl26F1rpc"
[1] "600114"
[1] "Catch"
[1] "c6gfdl26F1rpc"
[1] "600117"
[1] "Catch"
[1] "c6gfdl26F1rpc"
[1] "600136"
[1] "Catch"
[1] "c6gfdl26F1rpc"
[1] "600143"
[1] "Catch"
[1] "c6gfdl26F1rpc"
[1] "600146"
[1] "Catch"
[1] "c6gfdl26F1rpc"
[1] "600216"
[1] "Catch"
[1] "c6gfdl26F1rpc"
[1] "600217"
[1] "Catch"
[1] "c6gfdl26F1rpc"
[1] "600223"
[1] "Catch"
[1] "c6gfdl26F1rpc"
[1] "600226"
[1] "Catch"
[1] "c6gfdl26F1rpc"
[1] "600348"
[1] "Catch"
[1] "c6gfdl26F1rpc"
[1] "600382"
[1] "Catch"
[1] "c6gfdl26F1rpc"
[1] "600412"
[1] "Catch"
[1] "c6gfdl26F1rpc"
[1] "600752"
[1] "Catch"
[1] "c6gfdl26F1rpc"
[1] "600753"
[1] "Catch"
[1] "c6gfdl26F1rpc"
[1] "600785"
[1] "Catch"
[1] "c6gfdl26F1rpc"
[1] "600868"
[1] "Catch"
[1] "c6gfdl26F1rpc"
[1] "600874"
[1] "Catch"
[1] "c6gfdl26F1rpc"
[1] "600875"
[1] "Catch"
[1] "c6gfdl26F1rpc"
[1] "600886"
[1] "Catch"
[1] "c6gfdl26F1rpc"
[1] "600898"
[1] "Catch"
[1] "c6gfdl26F1rpc"
[1] "600912"
[1] "Catch"
[1] "c6gfdl26F1rpc"
[1] "600917"
[1] "Catch"
[1] "c6gfdl26F1rpc"
[1] "601408"
[1] "Catch"
[1] "c6gfdl26F1rpc"
[1] "601732"
[1] "Catch"
[1] "c6gfdl26F1rpc"
[1] "601906"
[1] "Catch"
[1] "c6gfdl26F1rpc"
[1] "601917"
[1] "Catch"
[1] "c6gfdl26F1rpc"
[1] "602532"
[1] "Catch"
[1] "c6gfdl26F1rpc"
[1] "602534"
[1] "Catch"
[1] "c6gfdl26F1rpc"
[1] "602535"
[1] "Catch"
[1] "c6gfdl26F1rpc"
[1] "603334"
[1] "Catch"
[1] "c6gfdl26F1rpc"
[1] "603539"
[1] "Catch"
[1] "c6gfdl26F1rpc"
[1] "603915"
[1] "Catch"
[1] "c6gfdl26F1rpc"
[1] "605548"
[1] "Catch"
[1] "c6gfdl26F1rpc"
[1] "690032"
[1] "Catch"
[1] "c6gfdl26F1rpc"
[1] "690206"
[1] "Catch"
[1] "c6gfdl26F1rpc"
[1] "690433"
[1] "Catch"
[1] "c6gfdl26F1rpc"
[1] "690619"
[1] "Catch"
[1] "1"
[1] "c6gfdl26F1sq"
[1] "600006"
[1] "Catch"
[1] "c6gfdl26F1sq"
[1] "600006Abd.RData"
[1] "Catch"
[1] "c6gfdl26F1sq"
[1] "600077"
[1] "Catch"
[1] "c6gfdl26F1sq"
[1] "600077Abd.RData"
[1] "Catch"
[1] "c6gfdl26F1sq"
[1] "600089"
[1] "Catch"
[1] "c6gfdl26F1sq"
[1] "600089Abd.RData"
[1] "Catch"
[1] "c6gfdl26F1sq"
[1] "600098"
[1] "Catch"
[1] "c6gfdl26F1sq"
[1] "600098Abd.RData"
[1] "Catch"
[1] "c6gfdl26F1sq"
[1] "600107"
[1] "Catch"
[1] "c6gfdl26F1sq"
[1] "600107Abd.RData"
[1] "Catch"
[1] "c6gfdl26F1sq"
[1] "600114"
[1] "Catch"
[1] "c6gfdl26F1sq"
[1] "600114Abd.RData"
[1] "Catch"
[1] "c6gfdl26F1sq"
[1] "600117"
[1] "Catch"
[1] "c6gfdl26F1sq"
[1] "600117Abd.RData"
[1] "Catch"
[1] "c6gfdl26F1sq"
[1] "600136"
[1] "Catch"
[1] "c6gfdl26F1sq"
[1] "600136Abd.RData"
[1] "Catch"
[1] "c6gfdl26F1sq"
[1] "600143"
[1] "Catch"
[1] "c6gfdl26F1sq"
[1] "600143Abd.RData"
[1] "Catch"
[1] "c6gfdl26F1sq"
[1] "600146"
[1] "Catch"
[1] "c6gfdl26F1sq"
[1] "600146Abd.RData"
[1] "Catch"
[1] "c6gfdl26F1sq"
[1] "600216"
[1] "Catch"
[1] "c6gfdl26F1sq"
[1] "600216Abd.RData"
[1] "Catch"
[1] "c6gfdl26F1sq"
[1] "600217"
[1] "Catch"
[1] "c6gfdl26F1sq"
[1] "600217Abd.RData"
[1] "Catch"
[1] "c6gfdl26F1sq"
[1] "600223"
[1] "Catch"
[1] "c6gfdl26F1sq"
[1] "600223Abd.RData"
[1] "Catch"
[1] "c6gfdl26F1sq"
[1] "600226"
[1] "Catch"
[1] "c6gfdl26F1sq"
[1] "600226Abd.RData"
[1] "Catch"
[1] "c6gfdl26F1sq"
[1] "600348"
[1] "Catch"
[1] "c6gfdl26F1sq"
[1] "600348Abd.RData"
[1] "Catch"
[1] "c6gfdl26F1sq"
[1] "600382"
[1] "Catch"
[1] "c6gfdl26F1sq"
[1] "600382Abd.RData"
[1] "Catch"
[1] "c6gfdl26F1sq"
[1] "600412"
[1] "Catch"
[1] "c6gfdl26F1sq"
[1] "600412Abd.RData"
[1] "Catch"
[1] "c6gfdl26F1sq"
[1] "600752"
[1] "Catch"
[1] "c6gfdl26F1sq"
[1] "600752Abd.RData"
[1] "Catch"
[1] "c6gfdl26F1sq"
[1] "600753"
[1] "Catch"
[1] "c6gfdl26F1sq"
[1] "600753Abd.RData"
[1] "Catch"
[1] "c6gfdl26F1sq"
[1] "600785"
[1] "Catch"
[1] "c6gfdl26F1sq"
[1] "600785Abd.RData"
[1] "Catch"
[1] "c6gfdl26F1sq"
[1] "600868"
[1] "Catch"
[1] "c6gfdl26F1sq"
[1] "600868Abd.RData"
[1] "Catch"
[1] "c6gfdl26F1sq"
[1] "600874"
[1] "Catch"
[1] "c6gfdl26F1sq"
[1] "600874Abd.RData"
[1] "Catch"
[1] "c6gfdl26F1sq"
[1] "600875"
[1] "Catch"
[1] "c6gfdl26F1sq"
[1] "600875Abd.RData"
[1] "Catch"
[1] "c6gfdl26F1sq"
[1] "600886"
[1] "Catch"
[1] "c6gfdl26F1sq"
[1] "600886Abd.RData"
[1] "Catch"
[1] "c6gfdl26F1sq"
[1] "600898"
[1] "Catch"
[1] "c6gfdl26F1sq"
[1] "600898Abd.RData"
[1] "Catch"
[1] "c6gfdl26F1sq"
[1] "600912"
[1] "Catch"
[1] "c6gfdl26F1sq"
[1] "600912Abd.RData"
[1] "Catch"
[1] "c6gfdl26F1sq"
[1] "600917"
[1] "Catch"
[1] "c6gfdl26F1sq"
[1] "600917Abd.RData"
[1] "Catch"
[1] "c6gfdl26F1sq"
[1] "601408"
[1] "Catch"
[1] "c6gfdl26F1sq"
[1] "601408Abd.RData"
[1] "Catch"
[1] "c6gfdl26F1sq"
[1] "601732"
[1] "Catch"
[1] "c6gfdl26F1sq"
[1] "601732Abd.RData"
[1] "Catch"
[1] "c6gfdl26F1sq"
[1] "601906"
[1] "Catch"
[1] "c6gfdl26F1sq"
[1] "601906Abd.RData"
[1] "Catch"
[1] "c6gfdl26F1sq"
[1] "601917"
[1] "Catch"
[1] "c6gfdl26F1sq"
[1] "601917Abd.RData"
[1] "Catch"
[1] "c6gfdl26F1sq"
[1] "602532"
[1] "Catch"
[1] "c6gfdl26F1sq"
[1] "602532Abd.RData"
[1] "Catch"
[1] "c6gfdl26F1sq"
[1] "602534"
[1] "Catch"
[1] "c6gfdl26F1sq"
[1] "602534Abd.RData"
[1] "Catch"
[1] "c6gfdl26F1sq"
[1] "602535"
[1] "Catch"
[1] "c6gfdl26F1sq"
[1] "602535Abd.RData"
[1] "Catch"
[1] "c6gfdl26F1sq"
[1] "603334"
[1] "Catch"
[1] "c6gfdl26F1sq"
[1] "603334Abd.RData"
[1] "Catch"
[1] "c6gfdl26F1sq"
[1] "603539"
[1] "Catch"
[1] "c6gfdl26F1sq"
[1] "603539Abd.RData"
[1] "Catch"
[1] "c6gfdl26F1sq"
[1] "603915"
[1] "Catch"
