Current working directory: /home/jepa/projects/def-wailung/jepa/etpmc_cc/protocols/run_dbem
Starting run at: Tue Feb 11 12:44:46 PST 2025
[1] "1"
[1] "c6gfdl26F1nr"
[1] "600006"
[1] "Abd"
[1] "c6gfdl26F1nr"
[1] "600077"
[1] "Abd"
[1] "c6gfdl26F1nr"
[1] "600089"
[1] "Abd"
[1] "c6gfdl26F1nr"
[1] "600098"
[1] "Abd"
[1] "c6gfdl26F1nr"
[1] "600107"
[1] "Abd"
[1] "c6gfdl26F1nr"
[1] "600114"
[1] "Abd"
[1] "c6gfdl26F1nr"
[1] "600117"
[1] "Abd"
[1] "c6gfdl26F1nr"
[1] "600136"
[1] "Abd"
[1] "c6gfdl26F1nr"
[1] "600143"
[1] "Abd"
[1] "c6gfdl26F1nr"
[1] "600146"
[1] "Abd"
[1] "c6gfdl26F1nr"
[1] "600216"
[1] "Abd"
[1] "c6gfdl26F1nr"
[1] "600217"
[1] "Abd"
[1] "c6gfdl26F1nr"
[1] "600223"
[1] "Abd"
[1] "c6gfdl26F1nr"
[1] "600226"
[1] "Abd"
[1] "c6gfdl26F1nr"
[1] "600348"
[1] "Abd"
[1] "c6gfdl26F1nr"
[1] "600382"
[1] "Abd"
[1] "c6gfdl26F1nr"
[1] "600412"
[1] "Abd"
[1] "c6gfdl26F1nr"
[1] "600752"
[1] "Abd"
[1] "c6gfdl26F1nr"
[1] "600753"
[1] "Abd"
[1] "c6gfdl26F1nr"
[1] "600785"
[1] "Abd"
[1] "c6gfdl26F1nr"
[1] "600868"
[1] "Abd"
[1] "c6gfdl26F1nr"
[1] "600874"
[1] "Abd"
[1] "c6gfdl26F1nr"
[1] "600875"
[1] "Abd"
[1] "c6gfdl26F1nr"
[1] "600886"
[1] "Abd"
[1] "c6gfdl26F1nr"
[1] "600898"
[1] "Abd"
[1] "c6gfdl26F1nr"
[1] "600912"
[1] "Abd"
[1] "c6gfdl26F1nr"
[1] "600917"
[1] "Abd"
[1] "c6gfdl26F1nr"
[1] "601408"
[1] "Abd"
File not found for year 1974 
File not found for year 1975 
File not found for year 1976 
File not found for year 1977 
File not found for year 1978 
File not found for year 1979 
File not found for year 1980 
File not found for year 1981 
File not found for year 1982 
File not found for year 1983 
File not found for year 1984 
File not found for year 1985 
File not found for year 1986 
File not found for year 1987 
File not found for year 1988 
File not found for year 1989 
File not found for year 1990 
File not found for year 1991 
File not found for year 1992 
File not found for year 1993 
File not found for year 1994 
File not found for year 1995 
File not found for year 1996 
File not found for year 1997 
File not found for year 1998 
File not found for year 1999 
File not found for year 2000 
File not found for year 2001 
File not found for year 2002 
File not found for year 2003 
File not found for year 2004 
File not found for year 2005 
File not found for year 2006 
File not found for year 2007 
File not found for year 2008 
File not found for year 2009 
File not found for year 2010 
File not found for year 2011 
File not found for year 2012 
File not found for year 2013 
File not found for year 2014 
File not found for year 2015 
File not found for year 2016 
File not found for year 2017 
File not found for year 2018 
File not found for year 2019 
File not found for year 2020 
File not found for year 2021 
File not found for year 2022 
File not found for year 2023 
File not found for year 2024 
File not found for year 2025 
File not found for year 2026 
File not found for year 2027 
File not found for year 2028 
File not found for year 2029 
File not found for year 2030 
File not found for year 2031 
File not found for year 2032 
File not found for year 2033 
File not found for year 2034 
File not found for year 2035 
File not found for year 2036 
File not found for year 2037 
File not found for year 2038 
File not found for year 2039 
File not found for year 2040 
File not found for year 2041 
File not found for year 2042 
File not found for year 2043 
File not found for year 2044 
File not found for year 2045 
File not found for year 2046 
File not found for year 2047 
File not found for year 2048 
File not found for year 2049 
File not found for year 2050 
File not found for year 2051 
File not found for year 2052 
File not found for year 2053 
File not found for year 2054 
File not found for year 2055 
File not found for year 2056 
File not found for year 2057 
File not found for year 2058 
File not found for year 2059 
File not found for year 2060 
File not found for year 2061 
File not found for year 2062 
File not found for year 2063 
File not found for year 2064 
File not found for year 2065 
File not found for year 2066 
File not found for year 2067 
File not found for year 2068 
File not found for year 2069 
File not found for year 2070 
File not found for year 2071 
File not found for year 2072 
File not found for year 2073 
File not found for year 2074 
File not found for year 2075 
File not found for year 2076 
File not found for year 2077 
File not found for year 2078 
File not found for year 2079 
File not found for year 2080 
File not found for year 2081 
File not found for year 2082 
File not found for year 2083 
File not found for year 2084 
File not found for year 2085 
File not found for year 2086 
File not found for year 2087 
File not found for year 2088 
File not found for year 2089 
File not found for year 2090 
File not found for year 2091 
File not found for year 2092 
File not found for year 2093 
File not found for year 2094 
File not found for year 2095 
File not found for year 2096 
File not found for year 2097 
File not found for year 2098 
File not found for year 2099 
File not found for year 2100 
[1] "1"
[1] "c6gfdl26F1sq"
[1] "600006"
[1] "Abd"
[1] "c6gfdl26F1sq"
[1] "600077"
[1] "Abd"
[1] "c6gfdl26F1sq"
[1] "600089"
[1] "Abd"
[1] "c6gfdl26F1sq"
[1] "600098"
[1] "Abd"
[1] "c6gfdl26F1sq"
[1] "600107"
[1] "Abd"
[1] "c6gfdl26F1sq"
[1] "600114"
[1] "Abd"
[1] "c6gfdl26F1sq"
[1] "600117"
[1] "Abd"
[1] "c6gfdl26F1sq"
[1] "600136"
[1] "Abd"
[1] "c6gfdl26F1sq"
[1] "600143"
[1] "Abd"
[1] "c6gfdl26F1sq"
[1] "600146"
[1] "Abd"
[1] "c6gfdl26F1sq"
[1] "600216"
[1] "Abd"
[1] "c6gfdl26F1sq"
[1] "600217"
[1] "Abd"
[1] "c6gfdl26F1sq"
[1] "600223"
[1] "Abd"
[1] "c6gfdl26F1sq"
[1] "600226"
[1] "Abd"
[1] "c6gfdl26F1sq"
[1] "600348"
[1] "Abd"
[1] "c6gfdl26F1sq"
[1] "600382"
[1] "Abd"
[1] "c6gfdl26F1sq"
[1] "600412"
[1] "Abd"
[1] "c6gfdl26F1sq"
[1] "600752"
[1] "Abd"
[1] "c6gfdl26F1sq"
[1] "600753"
[1] "Abd"
[1] "c6gfdl26F1sq"
[1] "600785"
[1] "Abd"
[1] "c6gfdl26F1sq"
[1] "600868"
[1] "Abd"
[1] "c6gfdl26F1sq"
[1] "600874"
[1] "Abd"
[1] "c6gfdl26F1sq"
[1] "600875"
[1] "Abd"
[1] "c6gfdl26F1sq"
[1] "600886"
[1] "Abd"
[1] "c6gfdl26F1sq"
[1] "600898"
[1] "Abd"
[1] "c6gfdl26F1sq"
[1] "600912"
[1] "Abd"
[1] "c6gfdl26F1sq"
[1] "600917"
[1] "Abd"
[1] "c6gfdl26F1sq"
[1] "601408"
[1] "Abd"
[1] "c6gfdl26F1sq"
[1] "601732"
[1] "Abd"
[1] "c6gfdl26F1sq"
[1] "601906"
[1] "Abd"
[1] "c6gfdl26F1sq"
[1] "601917"
[1] "Abd"
[1] "c6gfdl26F1sq"
[1] "602532"
[1] "Abd"
[1] "c6gfdl26F1sq"
[1] "602534"
[1] "Abd"
[1] "c6gfdl26F1sq"
[1] "602535"
[1] "Abd"
[1] "c6gfdl26F1sq"
[1] "603334"
[1] "Abd"
[1] "c6gfdl26F1sq"
[1] "603539"
[1] "Abd"
[1] "c6gfdl26F1sq"
[1] "603915"
[1] "Abd"
[1] "c6gfdl26F1sq"
[1] "605548"
[1] "Abd"
[1] "c6gfdl26F1sq"
[1] "690032"
[1] "Abd"
[1] "c6gfdl26F1sq"
[1] "690206"
[1] "Abd"
[1] "c6gfdl26F1sq"
[1] "690433"
[1] "Abd"
[1] "c6gfdl26F1sq"
[1] "690619"
[1] "Abd"
