Current working directory: /home/jepa/projects/def-wailung/jepa/etpmc_cc/protocols/run_dbem
Starting run at: Wed 26 Mar 2025 09:15:34 AM PDT
[1] "6"
[1] "c6gfdl26F1rib"
[1] "600006"
[1] "c6gfdl26F1rib"
[1] "600077"
[1] "c6gfdl26F1rib"
[1] "600089"
[1] "c6gfdl26F1rib"
[1] "600098"
[1] "c6gfdl26F1rib"
[1] "600107"
[1] "c6gfdl26F1rib"
[1] "600114"
[1] "Catch"
[1] "Catch"
[1][1] "Catch" "Catch"

[1] "Catch"
[1][1][1][1][1] "Abd" "Abd" "Abd" "Abd" "Abd"




[1][1] "c6gfdl26F1rib"[1][1] "c6gfdl26F1rib"[1]
 "c6gfdl26F1rib" "c6gfdl26F1rib"
 "c6gfdl26F1rib"

[1]
[1][1] "600117"[1] "600146"[1] "600216"
 "600143"
 "600136"


[1] "Catch"
[1] "Abd"
[1] "c6gfdl26F1rib"
[1] "600217"
[1][1] "Catch" "Catch"

[1][1] "Abd" "Abd"

[1][1] "c6gfdl26F1rib" "c6gfdl26F1rib"

[1][1] "600412" "600382"

[1][1] "Catch" "Catch"

[1][1] "Abd" "Abd"

[1][1] "c6gfdl26F1rib" "c6gfdl26F1rib"

[1][1] "600348" "600226"

[1] "Catch"
[1] "Abd"
[1] "c6gfdl26F1rib"
[1] "600223"
[1] "Catch"
[1] "Abd"
[1] "c6gfdl26F1rib"
[1] "600752"
[1] "Catch"
[1] "Catch"
[1] "Abd"[1]
 "Abd"
[1][1] "c6gfdl26F1rib" "c6gfdl26F1rib"

[1][1] "600874" "600875"

[1][1] "Catch" "Catch"

[1][1] "Abd" "Abd"

[1][1] "c6gfdl26F1rib" "c6gfdl26F1rib"

[1][1] "600868" "600785"

[1] "Catch"
[1] "Abd"
[1] "c6gfdl26F1rib"
[1] "600886"
[1] "Catch"
[1] "Abd"
[1] "c6gfdl26F1rib"
[1] "600753"
[1][1] "Catch" "Catch"

[1][1] "Abd" "Abd"

[1][1] "c6gfdl26F1rib" "c6gfdl26F1rib"

[1][1] "601732" "601408"

[1] "Catch"
[1] "Catch"
[1][1] "Abd" "Abd"

[1][1] "c6gfdl26F1rib" "c6gfdl26F1rib"

[1][1] "600917" "600912"

[1] "Catch"
[1] "Abd"
[1] "c6gfdl26F1rib"
[1] "601906"
[1] "Catch"
[1] "Abd"
[1] "c6gfdl26F1rib"
[1] "600898"
[1][1] "Catch" "Catch"

[1][1] "Abd" "Abd"

[1][1] "c6gfdl26F1rib" "c6gfdl26F1rib"

[1][1] "602535" "603334"

[1] "Catch"
[1] "Abd"
[1] "c6gfdl26F1rib"
[1] "602532"[1]
 "Catch"
[1] "Abd"
[1] "c6gfdl26F1rib"
[1] "602534"
[1] "Catch"
[1] "Abd"
[1] "c6gfdl26F1rib"
[1] "603539"
[1] "Catch"
[1] "Abd"
[1] "c6gfdl26F1rib"
[1] "601917"
[1][1] "Catch" "Catch"

[1][1] "Abd" "Abd"

[1][1] "c6gfdl26F1rib" "c6gfdl26F1rib"

[1][1] "690206" "690433"

[1] "Catch"
[1] "Abd"
[1] "c6gfdl26F1rib"
[1] "605548"
[1] "Catch"
[1] "Abd"
[1] "c6gfdl26F1rib"
[1] "690032"
[1] "Catch"
[1] "Abd"
[1] "c6gfdl26F1rib"
[1] "690619"
[1] "Catch"
[1] "Abd"
[1] "c6gfdl26F1rib"
[1] "603915"
[1][1] "Catch" "Catch"

[1][1] "Abd" "Abd"

[1] "Catch"
[1] "Abd"
[1] "Catch"
[1] "Abd"
[1] "Catch"
[1] "Abd"
[1] "Catch"
[1] "Abd"
