Current working directory: /home/jepa/projects/def-wailung/jepa/etpmc_cc/protocols/run_dbem
Starting run at: Sun 23 Mar 2025 09:34:58 AM PDT
[1] "6"
[1] "c6mpis85F1ri"
[1] "600006"
[1] "c6mpis85F1ri"
[1] "600077"
[1] "c6mpis85F1ri"
[1] "600089"
[1] "c6mpis85F1ri"
[1] "600098"
[1] "c6mpis85F1ri"
[1] "600107"
[1] "c6mpis85F1ri"
[1] "600114"
[1] "Catch"
[1] "Catch"
[1] "Catch"
[1] "Catch"
[1][1][1] "c6mpis85F1ri" "c6mpis85F1ri"[1] "c6mpis85F1ri"

 "c6mpis85F1ri"

[1][1][1] "600143"[1] "600136" "600146"
 "600117"


[1] "Catch"
[1] "c6mpis85F1ri"
[1] "600217"
[1] "Catch"
[1] "c6mpis85F1ri"
[1] "600216"
[1] "Catch"
[1] "c6mpis85F1ri"
[1] "600382"
[1] "Catch"
[1] "Catch"
[1] "c6mpis85F1ri"
[1][1] "c6mpis85F1ri"[1] "600226"
 "Catch"

[1] "600348"
[1] "c6mpis85F1ri"
[1] "600223"
[1] "Catch"
[1] "c6mpis85F1ri"
[1] "600752"
[1] "Catch"
[1] "c6mpis85F1ri"
[1] "600412"
[1] "Catch"
[1] "c6mpis85F1ri"
[1] "600874"
[1] "Catch"
[1] "Catch"
[1] "c6mpis85F1ri"
[1][1][1] "Catch" "c6mpis85F1ri" "600868"


[1] "600785"
[1] "c6mpis85F1ri"
[1] "600753"
[1] "Catch"
[1] "c6mpis85F1ri"
[1] "600886"
[1] "Catch"
[1] "c6mpis85F1ri"
[1] "600875"
[1] "Catch"
[1] "c6mpis85F1ri"
[1] "601408"
[1] "Catch"
[1] "Catch"
[1] "c6mpis85F1ri"
[1] "600917"[1]
 "c6mpis85F1ri"
[1][1] "Catch" "600912"

[1] "c6mpis85F1ri"
[1] "600898"
[1] "Catch"
[1] "c6mpis85F1ri"
[1] "601906"
[1] "Catch"
[1] "c6mpis85F1ri"
[1] "601732"
[1] "Catch"
[1] "c6mpis85F1ri"
[1] "602535"
[1][1] "Catch" "Catch"

[1][1] "c6mpis85F1ri" "c6mpis85F1ri"

[1][1][1] "Catch" "602534" "602532"


[1] "c6mpis85F1ri"
[1] "601917"
[1] "Catch"
[1] "c6mpis85F1ri"
[1] "603539"
[1] "Catch"
[1] "c6mpis85F1ri"
[1] "603334"
[1] "Catch"
[1] "c6mpis85F1ri"
[1] "690206"
[1][1] "Catch" "Catch"

[1][1] "c6mpis85F1ri" "c6mpis85F1ri"

[1][1] "690032" "605548"

[1] "Catch"
[1] "c6mpis85F1ri"
[1][1] "Catch" "603915"

[1] "c6mpis85F1ri"
[1] "690619"
[1] "Catch"
[1] "c6mpis85F1ri"
[1] "690433"
[1] "Catch"
[1] "Catch"
[1] "Catch"
[1] "Catch"[1]
 "Catch"
[1] "Catch"
