Current working directory: /home/jepa/projects/def-wailung/jepa/etpmc_cc/protocols/run_dbem
Starting run at: Tue 25 Mar 2025 10:13:52 AM PDT
[1] "6"
[1] "c6mpis85F1UP"
[1] "600004"
[1] "c6mpis85F1UP"
[1] "600024"
[1] "c6mpis85F1UP"
[1] "600028"
[1] "c6mpis85F1UP"
[1] "600031"
[1] "c6mpis85F1UP"
[1] "600045"
[1] "c6mpis85F1UP"
[1] "600056"
[1] "Catch"
[1] "Abd"
[1] "c6mpis85F1UP"
[1] "600059"
[1] "Catch"
[1] "Abd"
[1] "c6mpis85F1UP"
[1] "600061"
[1] "Catch"
[1] "Abd"
[1] "c6mpis85F1UP"
[1] "600062"
[1] "Catch"
[1] "Abd"
[1] "c6mpis85F1UP"
[1] "600063"
[1] "Catch"
[1] "Abd"
[1] "c6mpis85F1UP"
[1] "600066"
[1] "Catch"
[1] "Abd"
[1] "c6mpis85F1UP"
[1] "600068"
[1] "Catch"
[1] "Abd"
[1] "c6mpis85F1UP"
[1] "600069"
[1] "Catch"
[1] "Abd"
[1] "c6mpis85F1UP"
[1] "600071"
[1] "Catch"
[1] "Abd"
[1] "c6mpis85F1UP"
[1] "600072"
[1] "Catch"
[1] "Abd"
[1] "c6mpis85F1UP"
[1] "600076"
[1] "Catch"
[1] "Abd"
[1] "c6mpis85F1UP"
[1] "600077"
[1] "Catch"
[1] "Abd"
[1] "c6mpis85F1UP"
[1] "600078"
[1] "Catch"
[1] "Abd"
[1] "c6mpis85F1UP"
[1] "600083"
[1] "Catch"
[1] "Abd"
[1] "c6mpis85F1UP"
[1] "600088"
[1] "Catch"
[1] "Abd"
[1] "c6mpis85F1UP"
[1] "600089"
[1][1] "Catch" "Catch"

[1][1] "Abd" "Abd"

[1][1] "c6mpis85F1UP" "c6mpis85F1UP"

[1][1] "600093" "600090"

[1] "Catch"
[1] "Abd"
[1] "c6mpis85F1UP"
[1] "600094"
[1] "Catch"
[1] "Abd"
[1] "c6mpis85F1UP"
[1] "600096"
[1] "Catch"
[1] "Abd"
[1] "c6mpis85F1UP"
[1] "600097"
[1] "Catch"
[1] "Abd"
[1] "c6mpis85F1UP"
[1] "600098"
[1] "Catch"
[1] "Abd"
[1] "c6mpis85F1UP"
[1] "600105"
[1] "Catch"
[1] "Abd"
[1] "c6mpis85F1UP"
[1] "600101"
[1] "Catch"
[1] "Abd"
[1] "c6mpis85F1UP"
[1] "600106"
[1] "Catch"
[1] "Abd"
[1] "c6mpis85F1UP"
[1] "600107"
[1] "Catch"
[1] "Abd"
[1] "c6mpis85F1UP"
[1] "600108"
[1] "Catch"
[1] "Abd"
[1][1] "Catch" "c6mpis85F1UP"

[1] "600109"
[1] "Abd"
[1] "c6mpis85F1UP"
[1] "600113"
[1] "Catch"
[1] "Abd"
[1] "c6mpis85F1UP"
[1] "600111"
[1] "Catch"
[1] "Abd"
[1] "c6mpis85F1UP"
[1] "600114"
[1] "Catch"
[1] "Abd"
[1] "c6mpis85F1UP"
[1] "600115"
[1] "Catch"
[1] "Abd"
[1] "c6mpis85F1UP"
[1] "600116"
[1] "Catch"
[1] "Abd"
[1] "c6mpis85F1UP"
[1] "600119"
[1] "Catch"
[1] "Abd"
[1] "c6mpis85F1UP"
[1] "600117"
[1] "Catch"
[1] "Abd"
[1] "c6mpis85F1UP"
[1] "600118"
[1] "Catch"
[1] "Abd"
[1] "c6mpis85F1UP"
[1] "600120"
[1] "Catch"
[1] "Abd"
[1] "c6mpis85F1UP"
[1] "600121"
[1] "Catch"
[1] "Abd"
[1] "c6mpis85F1UP"
[1] "600123"
[1] "Catch"
[1] "Abd"
[1] "c6mpis85F1UP"
[1] "600131"
[1] "Catch"
[1] "Abd"
[1] "c6mpis85F1UP"
[1] "600125"
[1] "Catch"
[1] "Abd"
[1] "c6mpis85F1UP"
[1] "600126"
[1] "Catch"
[1] "Abd"
[1] "c6mpis85F1UP"
[1] "600134"
[1] "Catch"
[1] "Abd"
[1] "c6mpis85F1UP"
[1] "600136"
[1] "Catch"
[1] "Abd"
[1] "c6mpis85F1UP"
[1] "600139"
[1] "Catch"
[1] "Abd"
[1] "c6mpis85F1UP"
[1] "600142"
[1] "Catch"
[1] "Abd"
[1] "c6mpis85F1UP"
[1] "600140"
[1] "Catch"
[1] "Abd"
[1] "c6mpis85F1UP"
[1] "600141"
[1] "Catch"
[1] "Abd"
[1] "c6mpis85F1UP"
[1] "600143"
[1] "Catch"
[1] "Abd"
[1] "c6mpis85F1UP"
[1] "600144"
[1] "Catch"
[1] "Abd"
[1] "c6mpis85F1UP"
[1] "600145"
[1] "Catch"
[1] "Abd"
[1] "c6mpis85F1UP"
[1] "600148"
[1] "Catch"
[1] "Abd"
[1] "c6mpis85F1UP"
[1] "600146"
[1] "Catch"
[1] "Abd"
[1] "c6mpis85F1UP"
[1] "600147"
[1] "Catch"
[1] "Abd"
[1] "c6mpis85F1UP"
[1] "600149"
[1] "Catch"
[1] "Abd"
[1] "c6mpis85F1UP"
[1] "600156"
[1] "Catch"
[1] "Abd"
[1] "c6mpis85F1UP"
[1] "600162"
[1] "Catch"
[1] "Abd"
[1] "c6mpis85F1UP"
[1] "600172"
[1] "Catch"
[1] "Abd"
[1] "c6mpis85F1UP"
[1] "600167"
[1] "Catch"
[1] "Abd"
[1] "c6mpis85F1UP"
[1] "600171"
[1] "Catch"
[1] "Abd"
[1] "c6mpis85F1UP"
[1] "600175"
[1] "Catch"
[1] "Abd"
[1] "c6mpis85F1UP"
[1] "600181"
[1] "Catch"
[1] "Abd"
[1] "c6mpis85F1UP"
[1] "600188"
[1] "Catch"
[1] "Abd"
[1] "c6mpis85F1UP"
[1] "600213"
[1] "Catch"
[1] "Abd"
[1] "c6mpis85F1UP"
[1] "600203"
[1] "Catch"
[1] "Abd"
[1] "c6mpis85F1UP"
[1] "600204"
[1] "Catch"
[1] "Abd"
[1] "c6mpis85F1UP"
[1] "600216"
[1] "Catch"
[1] "Abd"
[1] "c6mpis85F1UP"
[1] "600217"
[1] "Catch"
[1] "Abd"
[1] "c6mpis85F1UP"
[1] "600219"
[1] "Catch"
[1] "Abd"
[1] "c6mpis85F1UP"
[1] "600226"
[1] "Catch"
[1] "Abd"
[1] "c6mpis85F1UP"
[1] "600220"
[1] "Catch"
[1] "Abd"
[1] "c6mpis85F1UP"
[1] "600223"
[1] "Catch"
[1] "Abd"
[1] "c6mpis85F1UP"
[1] "600227"
[1] "Catch"
[1] "Abd"
[1] "c6mpis85F1UP"
[1] "600228"
[1] "Catch"
[1] "Abd"
[1] "c6mpis85F1UP"
[1] "600229"
[1] "Catch"
[1] "Abd"
[1] "c6mpis85F1UP"
[1] "600232"
[1] "Catch"
[1] "Abd"
[1] "c6mpis85F1UP"
[1] "600230"
[1] "Catch"
[1] "Abd"
[1] "c6mpis85F1UP"
[1] "600231"
[1] "Catch"
[1] "Abd"
[1] "c6mpis85F1UP"
[1] "600233"
[1] "Catch"
[1] "Abd"
[1] "c6mpis85F1UP"
[1] "600236"
[1] "Catch"
[1] "Abd"
[1] "c6mpis85F1UP"
[1] "600238"
[1] "Catch"
[1] "Abd"
[1] "c6mpis85F1UP"
[1] "600241"
[1] "Catch"
[1] "Abd"
[1] "c6mpis85F1UP"
[1] "600239"
[1] "Catch"
[1] "Abd"
[1] "c6mpis85F1UP"
[1] "600240"
[1] "Catch"
[1] "Abd"
[1] "c6mpis85F1UP"
[1] "600242"
[1] "Catch"
[1] "Abd"
[1] "c6mpis85F1UP"
[1] "600243"
[1] "Catch"
[1] "Abd"
[1] "c6mpis85F1UP"
[1] "600244"
[1] "Catch"
[1] "Abd"
[1] "c6mpis85F1UP"
[1] "600249"
[1] "Catch"
[1] "Abd"
[1] "c6mpis85F1UP"
[1] "600245"
[1] "Catch"
[1] "Abd"
[1] "c6mpis85F1UP"
[1] "600247"
[1] "Catch"
[1] "Abd"
[1] "c6mpis85F1UP"
[1] "600250"
[1] "Catch"
[1] "Abd"
[1] "c6mpis85F1UP"
[1] "600252"
[1] "Catch"
[1] "Abd"
[1] "c6mpis85F1UP"
[1] "600253"
[1] "Catch"
[1] "Abd"
[1] "c6mpis85F1UP"
[1] "600259"
[1] "Catch"
[1] "Abd"
[1] "c6mpis85F1UP"
[1] "600255"
[1] "Catch"
[1] "Abd"
[1] "c6mpis85F1UP"
[1] "600256"
[1] "Catch"
[1] "Abd"
[1] "c6mpis85F1UP"
[1] "600260"
[1] "Catch"
[1] "Abd"
[1] "c6mpis85F1UP"
[1] "600264"
[1] "Catch"
[1] "Abd"
[1] "c6mpis85F1UP"
[1] "600265"
[1] "Catch"
[1] "Abd"
[1] "c6mpis85F1UP"
[1] "600300"
[1] "Catch"
[1] "Abd"
[1] "c6mpis85F1UP"
[1] "600288"
[1] "Catch"
[1] "Abd"
[1] "c6mpis85F1UP"
[1] "600299"
[1] "Catch"
[1] "Abd"
[1] "c6mpis85F1UP"
[1] "600301"
[1] "Catch"
[1] "Abd"
[1] "c6mpis85F1UP"
[1] "600302"
[1] "Catch"
[1] "Abd"
[1] "c6mpis85F1UP"
[1] "600303"
[1] "Catch"
[1] "Abd"
[1] "c6mpis85F1UP"
[1] "600308"
[1] "Catch"
[1] "Abd"
[1] "c6mpis85F1UP"
[1] "600305"
[1] "Catch"
[1] "Abd"
[1] "c6mpis85F1UP"
[1] "600306"
[1] "Catch"
[1] "Abd"
[1] "c6mpis85F1UP"
[1] "600309"
[1] "Catch"
[1] "Abd"
[1] "c6mpis85F1UP"
[1] "600311"
[1] "Catch"
[1] "Abd"
[1] "c6mpis85F1UP"
[1] "600312"
[1] "Catch"
[1] "Abd"
[1] "c6mpis85F1UP"
[1] "600315"
[1] "Catch"
[1] "Abd"
[1] "c6mpis85F1UP"
[1] "600313"
[1] "Catch"
[1] "Abd"
[1] "c6mpis85F1UP"
[1] "600314"
[1] "Catch"
[1] "Abd"
[1] "c6mpis85F1UP"
[1] "600316"
[1] "Catch"
[1] "Abd"
[1] "c6mpis85F1UP"
[1] "600318"
[1] "Catch"
[1] "Abd"
[1] "c6mpis85F1UP"
[1] "600319"
[1] "Catch"
[1] "Abd"
[1] "c6mpis85F1UP"
[1] "600322"
[1] "Catch"
[1] "Abd"
[1] "c6mpis85F1UP"
[1] "600320"
[1] "Catch"
[1] "Abd"
[1] "c6mpis85F1UP"
[1] "600321"
[1] "Catch"
[1] "Abd"
[1] "c6mpis85F1UP"
[1] "600323"
[1] "Catch"
[1] "Abd"
[1] "c6mpis85F1UP"
[1] "600324"
[1] "Catch"
[1] "Abd"
[1] "c6mpis85F1UP"
[1] "600325"
[1] "Catch"
[1] "Abd"
[1] "c6mpis85F1UP"
[1] "600329"
[1] "Catch"
[1] "Abd"
[1] "c6mpis85F1UP"
[1] "600326"
[1] "Catch"
[1] "Abd"
[1] "c6mpis85F1UP"
[1] "600327"
[1] "Catch"
[1] "Abd"
[1] "c6mpis85F1UP"
[1] "600331"
[1] "Catch"
[1] "Abd"
[1] "c6mpis85F1UP"
[1] "600332"
[1] "Catch"
[1] "Abd"
[1] "c6mpis85F1UP"
[1] "600333"
[1] "Catch"
[1] "Abd"
[1] "c6mpis85F1UP"
[1] "600338"
[1] "Catch"
[1] "Abd"
[1] "c6mpis85F1UP"
[1] "600334"
[1] "Catch"
[1] "Abd"
[1] "c6mpis85F1UP"
[1] "600336"
[1] "Catch"
[1] "Abd"
[1] "c6mpis85F1UP"
[1] "600339"
[1] "Catch"
[1] "Abd"
[1] "c6mpis85F1UP"
[1] "600340"
[1] "Catch"
[1] "Abd"
[1] "c6mpis85F1UP"
[1] "600341"
[1] "Catch"
[1] "Abd"
[1] "c6mpis85F1UP"
[1] "600346"
[1] "Catch"
[1] "Abd"
[1] "c6mpis85F1UP"
[1] "600342"
[1] "Catch"
[1] "Abd"
[1] "c6mpis85F1UP"
[1] "600345"
[1] "Catch"
[1] "Abd"
[1] "c6mpis85F1UP"
[1] "600348"
[1] "Catch"
[1] "Abd"
[1] "c6mpis85F1UP"
[1] "600349"
[1] "Catch"
[1] "Abd"
[1] "c6mpis85F1UP"
[1] "600350"
[1] "Catch"
[1] "Abd"
[1] "c6mpis85F1UP"
[1] "600353"
[1] "Catch"
[1] "Abd"
[1] "c6mpis85F1UP"
[1] "600351"
[1] "Catch"
[1] "Abd"
[1] "c6mpis85F1UP"
[1] "600352"
[1] "Catch"
[1] "Abd"
[1] "c6mpis85F1UP"
[1] "600355"
[1] "Catch"
[1] "Abd"
[1] "c6mpis85F1UP"
[1] "600356"
[1] "Catch"
[1] "Abd"
[1] "c6mpis85F1UP"
[1] "600357"
[1] "Catch"
[1] "Abd"
[1] "c6mpis85F1UP"
[1] "600363"
[1] "Catch"
[1] "Abd"
[1] "c6mpis85F1UP"
[1] "600361"
[1] "Catch"
[1] "Abd"
[1] "c6mpis85F1UP"
[1] "600362"
[1] "Catch"
[1] "Abd"
[1] "c6mpis85F1UP"
[1] "600364"
[1] "Catch"
[1] "Abd"
[1] "c6mpis85F1UP"
[1] "600366"
[1] "Catch"
[1] "Abd"
[1] "c6mpis85F1UP"
[1] "600367"
[1] "Catch"
[1] "Abd"
[1] "c6mpis85F1UP"
[1] "600371"
[1] "Catch"
[1] "Abd"
[1] "c6mpis85F1UP"
[1] "600368"
[1] "Catch"
[1] "Abd"
[1] "c6mpis85F1UP"
[1] "600369"
[1] "Catch"
[1] "Abd"
[1] "c6mpis85F1UP"
[1] "600372"
[1] "Catch"
[1] "Abd"
[1] "c6mpis85F1UP"
[1] "600374"
[1] "Catch"
[1] "Abd"
[1] "c6mpis85F1UP"
[1] "600378"
[1] "Catch"
[1] "Abd"
[1] "c6mpis85F1UP"
[1] "600382"
[1] "Catch"
[1] "Abd"
[1] "c6mpis85F1UP"
[1] "600379"
[1] "Catch"
[1] "Abd"
[1] "c6mpis85F1UP"
[1] "600380"
[1] "Catch"
[1] "Abd"
[1] "c6mpis85F1UP"
[1] "600384"
[1] "Catch"
[1] "Abd"
[1] "c6mpis85F1UP"
[1] "600385"
[1] "Catch"
[1] "Abd"
[1] "c6mpis85F1UP"
[1] "600386"
[1] "Catch"
[1] "Abd"
[1] "c6mpis85F1UP"
[1] "600390"
[1] "Catch"
[1] "Abd"
[1] "c6mpis85F1UP"
[1] "600387"
[1] "Catch"
[1] "Abd"
[1] "c6mpis85F1UP"
[1] "600388"
[1] "Catch"
[1] "Abd"
[1] "c6mpis85F1UP"
[1] "600391"
[1] "Catch"
[1] "Abd"
[1] "c6mpis85F1UP"
[1] "600392"
[1] "Catch"
[1] "Abd"
[1] "c6mpis85F1UP"
[1] "600394"
[1] "Catch"
[1] "Abd"
[1] "c6mpis85F1UP"
[1] "600397"
[1] "Catch"
[1] "Abd"
[1] "c6mpis85F1UP"
[1] "600395"
[1] "Catch"
[1] "Abd"
[1] "c6mpis85F1UP"
[1] "600396"
[1] "Catch"
[1] "Abd"
[1] "c6mpis85F1UP"
[1] "600398"
[1] "Catch"
[1] "Abd"
[1] "c6mpis85F1UP"
[1] "600399"
[1] "Catch"
[1] "Abd"
[1] "c6mpis85F1UP"
[1] "600400"
[1] "Catch"
[1] "Abd"
[1] "c6mpis85F1UP"
[1] "600405"
[1] "Catch"
[1] "Abd"
[1] "c6mpis85F1UP"
[1] "600401"
[1] "Catch"
[1] "Abd"
[1] "c6mpis85F1UP"
[1] "600403"
[1] "Catch"
[1] "Abd"
[1] "c6mpis85F1UP"
[1] "600406"
[1] "Catch"
[1] "Abd"
[1] "c6mpis85F1UP"
[1] "600407"
[1] "Catch"
[1] "Abd"
[1] "c6mpis85F1UP"
[1] "600408"
[1] "Catch"
[1] "Abd"
[1] "c6mpis85F1UP"
[1] "600412"
[1] "Catch"
[1] "Abd"
[1] "c6mpis85F1UP"
[1] "600410"
[1] "Catch"
[1] "Abd"
[1] "c6mpis85F1UP"
[1] "600411"
[1][1] "Catch" "Catch"

[1][1] "Abd" "Abd"

[1][1] "c6mpis85F1UP" "c6mpis85F1UP"

[1][1] "600413" "600416"

[1][1] "Catch" "Catch"

[1][1] "Abd" "Abd"

[1][1] "c6mpis85F1UP" "c6mpis85F1UP"

[1][1] "600420" "600417"

[1] "Catch"
[1] "Abd"
[1] "c6mpis85F1UP"
[1] "600418"
[1] "Catch"
[1] "Abd"
[1] "c6mpis85F1UP"
[1] "600419"
[1] "Catch"
[1] "Abd"
[1] "c6mpis85F1UP"
[1] "600423"
[1] "Catch"
[1] "Abd"
[1] "c6mpis85F1UP"
[1] "600422"
[1] "Catch"
[1] "Abd"
[1] "c6mpis85F1UP"
[1] "600427"
[1] "Catch"
[1] "Abd"
[1] "c6mpis85F1UP"
[1] "600424"
[1] "Catch"
[1] "Abd"
[1] "c6mpis85F1UP"
[1] "600425"
[1] "Catch"
[1] "Abd"
[1] "c6mpis85F1UP"
[1] "600426"
[1] "Catch"
[1] "Abd"
[1] "c6mpis85F1UP"
[1] "600429"
[1] "Catch"
[1] "Abd"
[1] "c6mpis85F1UP"
[1] "600428"
[1] "Catch"
[1] "Abd"
[1] "c6mpis85F1UP"
[1][1] "Catch" "600436"

[1] "Abd"
[1] "c6mpis85F1UP"
[1] "600432"
[1] "Catch"
[1] "Abd"
[1] "c6mpis85F1UP"
[1] "600433"
[1] "Catch"
[1] "Abd"
[1] "c6mpis85F1UP"
[1] "600434"
[1] "Catch"
[1] "Abd"
[1] "c6mpis85F1UP"
[1] "600439"
[1] "Catch"
[1] "Abd"
[1] "c6mpis85F1UP"
[1] "600438"
[1] "Catch"
[1][1] "Abd" "Catch"

[1] "Abd"[1]
 "c6mpis85F1UP"
[1] "600440"
[1] "c6mpis85F1UP"
[1] "600443"
[1] "Catch"
[1] "Abd"
[1] "c6mpis85F1UP"
[1] "600441"
[1] "Catch"
[1] "Abd"
[1] "c6mpis85F1UP"
[1] "600442"
[1] "Catch"
[1] "Abd"
[1] "c6mpis85F1UP"
[1] "600447"
[1] "Catch"
[1] "Abd"
[1] "c6mpis85F1UP"
[1] "600444"
[1] "Catch"
[1] "Abd"
[1] "Catch"
[1] "c6mpis85F1UP"
[1] "600452"
[1] "Abd"
[1] "c6mpis85F1UP"
[1] "600448"
[1] "Catch"
[1] "Abd"
[1] "c6mpis85F1UP"
[1] "600449"
[1] "Catch"
[1] "Abd"
[1] "c6mpis85F1UP"
[1] "600450"
[1] "Catch"
[1] "Abd"
[1] "c6mpis85F1UP"
[1] "600458"
[1] "Catch"
[1] "Abd"
[1] "c6mpis85F1UP"
[1] "600453"
[1] "Catch"
[1] "Abd"
[1] "c6mpis85F1UP"
[1] "600460"
[1] "Catch"
[1] "Abd"
[1] "c6mpis85F1UP"
[1] "600464"
[1] "Catch"
[1] "Abd"
[1] "c6mpis85F1UP"
[1] "600461"
[1] "Catch"
[1] "Abd"
[1] "c6mpis85F1UP"
[1] "600463"
[1] "Catch"
[1] "Abd"
[1] "c6mpis85F1UP"
[1] "600467"
[1] "Catch"
[1] "Abd"
[1] "c6mpis85F1UP"
[1] "600465"
[1] "Catch"
[1] "Abd"
[1] "c6mpis85F1UP"
[1] "600468"
[1] "Catch"
[1] "Abd"
[1] "c6mpis85F1UP"
[1] "600474"
[1] "Catch"
[1] "Abd"
[1] "c6mpis85F1UP"
[1] "600472"
[1] "Catch"
[1] "Abd"
[1] "c6mpis85F1UP"
[1] "600473"
[1] "Catch"
[1] "Abd"
[1] "c6mpis85F1UP"
[1] "600476"
[1] "Catch"
[1] "Abd"
[1] "c6mpis85F1UP"
[1] "600475"
[1] "Catch"
[1] "Abd"
[1] "c6mpis85F1UP"
[1] "600480"
[1] "Catch"
[1] "Abd"
[1] "c6mpis85F1UP"
[1] "600477"
[1] "Catch"
[1] "Abd"
[1] "c6mpis85F1UP"
[1] "600478"
[1] "Catch"
[1] "Abd"
[1] "c6mpis85F1UP"
[1] "600479"
[1] "Catch"
[1] "Abd"
[1] "c6mpis85F1UP"
[1] "600482"
[1] "Catch"
[1] "Abd"
[1] "c6mpis85F1UP"
[1] "600481"
[1] "Catch"
[1] "Abd"
[1] "c6mpis85F1UP"
[1] "600486"
[1] "Catch"
[1] "Abd"
[1] "c6mpis85F1UP"
[1] "600483"
[1] "Catch"
[1] "Abd"
[1] "c6mpis85F1UP"
[1] "600484"
[1] "Catch"
[1] "Abd"
[1] "c6mpis85F1UP"
[1] "600485"
[1] "Catch"
[1] "Abd"
[1] "c6mpis85F1UP"
[1] "600488"
[1] "Catch"
[1] "Abd"
[1] "c6mpis85F1UP"
[1] "600487"
[1] "Catch"
[1] "Abd"
[1] "c6mpis85F1UP"
[1] "600492"
[1] "Catch"
[1] "Abd"
[1] "c6mpis85F1UP"
[1] "600489"
[1] "Catch"
[1] "Abd"
[1] "c6mpis85F1UP"
[1] "600490"
[1] "Catch"
[1] "Abd"
[1] "c6mpis85F1UP"
[1] "600496"
[1] "Catch"
[1] "Abd"
[1] "c6mpis85F1UP"
[1] "600491"
[1] "Catch"
[1] "Abd"
[1] "c6mpis85F1UP"
[1] "600493"
[1] "Catch"
[1] "Abd"
[1] "c6mpis85F1UP"
[1] "600503"
[1] "Catch"
[1] "Abd"
[1] "c6mpis85F1UP"
[1] "600497"
[1] "Catch"
[1] "Abd"
[1] "c6mpis85F1UP"
[1] "600501"
[1] "Catch"
[1] "Abd"
[1] "c6mpis85F1UP"
[1] "600505"
[1] "Catch"
[1] "Abd"
[1] "c6mpis85F1UP"
[1] "600502"
[1] "Catch"
[1] "Abd"
[1] "c6mpis85F1UP"
[1] "600504"
[1] "Catch"
[1] "Abd"
[1] "c6mpis85F1UP"
[1] "600510"
[1] "Catch"
[1] "Abd"
[1] "c6mpis85F1UP"
[1] "600507"
[1] "Catch"
[1] "Abd"
[1] "c6mpis85F1UP"
[1] "600508"
[1] "Catch"
[1] "Abd"
[1] "c6mpis85F1UP"
[1] "600513"
[1] "Catch"
[1] "Abd"
[1] "c6mpis85F1UP"
[1] "600509"
[1] "Catch"
[1] "Abd"
[1] "Catch"
[1] "c6mpis85F1UP"
[1] "600512"
[1] "Abd"
[1] "c6mpis85F1UP"
[1] "600518"
[1] "Catch"
[1] "Abd"
[1] "c6mpis85F1UP"
[1] "600514"
[1] "Catch"
[1] "Abd"
[1] "c6mpis85F1UP"
[1] "600516"
[1] "Catch"
[1] "Abd"
[1] "c6mpis85F1UP"
[1] "600520"
[1] "Catch"
[1] "Abd"
[1] "c6mpis85F1UP"
[1] "600517"
[1] "Catch"
[1] "Abd"
[1] "c6mpis85F1UP"
[1] "600526"
[1] "Catch"
[1] "Abd"
[1] "c6mpis85F1UP"
[1] "600519"
[1] "Catch"
[1] "Abd"
[1] "c6mpis85F1UP"
[1] "600521"
[1] "Catch"
[1] "Abd"
[1] "c6mpis85F1UP"
[1] "600524"
[1] "Catch"
[1] "Abd"
[1] "c6mpis85F1UP"
[1] "600528"
[1] "Catch"
[1] "Abd"
[1] "c6mpis85F1UP"
[1] "600525"
[1] "Catch"
[1] "Abd"
[1] "c6mpis85F1UP"
[1] "600532"
[1] "Catch"
[1] "Abd"
[1] "c6mpis85F1UP"
[1] "600527"
[1] "Catch"
[1] "Abd"
[1] "c6mpis85F1UP"
[1] "600529"
[1] "Catch"
[1] "Abd"
[1] "c6mpis85F1UP"
[1] "600530"
[1] "Catch"
[1] "Abd"
[1] "c6mpis85F1UP"
[1] "600547"
[1] "Catch"
[1] "Abd"
[1] "c6mpis85F1UP"
[1] "600531"
[1] "Catch"
[1] "Abd"
[1] "c6mpis85F1UP"
[1] "600645"
[1] "Catch"
[1] "Abd"
[1] "c6mpis85F1UP"
[1] "600545"
[1] "Catch"
[1] "Abd"
[1] "c6mpis85F1UP"
[1] "600548"
[1] "Catch"
[1] "Abd"
[1] "c6mpis85F1UP"
[1] "600648"
[1] "Catch"
[1] "Abd"
[1] "c6mpis85F1UP"
[1] "600572"
[1] "Catch"
[1] "Abd"
[1] "c6mpis85F1UP"
[1] "600641"
[1] "Catch"
[1] "Abd"
[1] "c6mpis85F1UP"
[1] "600662"
[1] "Catch"
[1] "Abd"
[1] "c6mpis85F1UP"
[1] "600646"
[1] "Catch"
[1] "Abd"
[1] "c6mpis85F1UP"
[1] "600650"
[1] "Catch"
[1] "Abd"
[1] "c6mpis85F1UP"
[1] "600669"
[1] "Catch"
[1] "Abd"
[1] "c6mpis85F1UP"
[1] "600653"
[1] "Catch"
[1] "Abd"
[1] "c6mpis85F1UP"
[1] "600656"
[1] "Catch"
[1] "Abd"
[1] "c6mpis85F1UP"
[1] "600695"
[1] "Catch"
[1] "Abd"
[1] "c6mpis85F1UP"
[1] "600663"
[1] "Catch"
[1] "Abd"
[1] "c6mpis85F1UP"
[1] "600670"
[1] "Catch"
[1] "Abd"
[1] "c6mpis85F1UP"
[1] "600716"
[1] "Catch"
[1] "Abd"
[1] "c6mpis85F1UP"
[1] "600687"
[1] "Catch"
[1] "Abd"
[1] "c6mpis85F1UP"
[1] "600692"
[1] "Catch"
[1] "Abd"
[1] "c6mpis85F1UP"
[1] "600751"
[1] "Catch"
[1] "Abd"
[1] "c6mpis85F1UP"
[1] "600706"
[1] "Catch"
[1] "Abd"
[1] "c6mpis85F1UP"
[1] "600727"
[1] "Catch"
[1] "Abd"
[1] "c6mpis85F1UP"
[1] "600753"
[1] "Catch"
[1] "Abd"
[1] "c6mpis85F1UP"
[1] "600736"
[1] "Catch"
[1] "Abd"
[1] "c6mpis85F1UP"
[1] "600747"
[1] "Catch"
[1] "Abd"
[1] "c6mpis85F1UP"
[1] "600807"
[1] "Catch"
[1] "Abd"
[1] "c6mpis85F1UP"
[1] "600754"
[1] "Catch"
[1] "Abd"
[1] "c6mpis85F1UP"
[1] "600752"
[1] "Catch"
[1] "Abd"
[1] "c6mpis85F1UP"
[1] "600850"
[1] "Catch"
[1] "Abd"
[1] "c6mpis85F1UP"
[1] "600785"
[1] "Catch"
[1] "Abd"
[1] "c6mpis85F1UP"
[1] "600790"
[1] "Catch"
[1] "Abd"
[1] "c6mpis85F1UP"
[1] "600874"
[1] "Catch"
[1] "Abd"
[1] "c6mpis85F1UP"
[1] "600854"
[1] "Catch"
[1] "Abd"
[1] "c6mpis85F1UP"
[1] "600845"
[1] "Catch"
[1] "Abd"
[1] "c6mpis85F1UP"
[1] "600878"
[1] "Catch"
[1] "Abd"
[1] "c6mpis85F1UP"
[1] "600864"
[1] "Catch"
[1] "Abd"
[1] "c6mpis85F1UP"
[1] "600868"
[1] "Catch"
[1] "Abd"
[1] "c6mpis85F1UP"
[1] "600889"
[1] "Catch"
[1] "Abd"
[1] "c6mpis85F1UP"
[1] "600880"
[1] "Catch"
[1] "Abd"
[1] "c6mpis85F1UP"
[1] "600875"
[1] "Catch"
[1] "Abd"
[1] "c6mpis85F1UP"
[1] "600893"
[1] "Catch"
[1] "Abd"
[1] "c6mpis85F1UP"
[1] "600884"
[1] "Catch"
[1] "Abd"
[1] "c6mpis85F1UP"
[1] "600886"
[1] "Catch"
[1] "Abd"
[1] "c6mpis85F1UP"
[1] "600940"
[1] "Catch"
[1] "Abd"
[1] "c6mpis85F1UP"
[1] "600898"
[1] "Catch"
[1] "Abd"
[1] "c6mpis85F1UP"
[1] "600890"
[1] "Catch"
[1] "Abd"
[1] "c6mpis85F1UP"
[1] "600950"
[1] "Catch"
[1] "Abd"
[1] "c6mpis85F1UP"
[1] "600912"
[1] "Catch"
[1] "Abd"
[1] "c6mpis85F1UP"
[1] "600917"
[1] "Catch"
[1] "Abd"
[1] "c6mpis85F1UP"
[1] "601002"
[1] "Catch"
[1] "Abd"
[1] "c6mpis85F1UP"
[1] "600972"
[1] "Catch"
[1] "Abd"
[1] "c6mpis85F1UP"
[1] "600941"
[1] "Catch"
[1] "Abd"
[1] "c6mpis85F1UP"
[1] "601023"
[1] "Catch"
[1] "Abd"
[1] "c6mpis85F1UP"
[1] "600977"
[1] "Catch"
[1] "Abd"
[1] "c6mpis85F1UP"
[1] "600983"
[1] "Catch"
[1] "Abd"
[1] "c6mpis85F1UP"
[1] "601047"
[1] "Catch"
[1] "Abd"
[1] "c6mpis85F1UP"
[1] "601042"
[1] "Catch"
[1] "Abd"
[1] "c6mpis85F1UP"
[1] "601005"
[1] "Catch"
[1] "Abd"
[1] "c6mpis85F1UP"
[1] "601059"
[1] "Catch"
[1] "Abd"
[1] "c6mpis85F1UP"
[1] "601043"
[1] "Catch"
[1] "Abd"
[1] "c6mpis85F1UP"
[1] "601084"
[1] "Catch"
[1] "Abd"
[1] "c6mpis85F1UP"
[1] "601044"
[1] "Catch"
[1] "Abd"
[1] "c6mpis85F1UP"
[1] "601072"
[1] "Catch"
[1] "Abd"
[1] "c6mpis85F1UP"
[1] "601055"
[1] "Catch"
[1] "Abd"
[1] "c6mpis85F1UP"
[1] "601133"
[1] "Catch"
[1] "Abd"
[1] "c6mpis85F1UP"
[1] "601077"
[1] "Catch"
[1] "Abd"
[1] "c6mpis85F1UP"
[1] "601198"
[1] "Catch"
[1] "Abd"
[1] "c6mpis85F1UP"
[1] "601079"
[1] "Catch"
[1] "Abd"
[1] "c6mpis85F1UP"
[1] "601164"
[1] "Catch"
[1] "Abd"
[1] "c6mpis85F1UP"
[1] "601090"
[1] "Catch"
[1] "Abd"
[1] "c6mpis85F1UP"
[1] "601205"
[1] "Catch"
[1] "Abd"
[1] "c6mpis85F1UP"
[1] "601181"
[1] "Catch"
[1] "Abd"
[1] "c6mpis85F1UP"
[1] "601212"
[1] "Catch"
[1] "Abd"
[1] "c6mpis85F1UP"
[1] "601191"
[1] "Catch"
[1] "Abd"
[1] "c6mpis85F1UP"
[1] "601207"
[1] "Catch"
[1] "Abd"
[1] "c6mpis85F1UP"
[1] "601203"
[1] "Catch"
[1] "Abd"
[1] "c6mpis85F1UP"
[1] "601216"
[1] "Catch"
[1] "Abd"
[1] "c6mpis85F1UP"
[1] "601208"
[1] "Catch"
[1] "Abd"
[1] "c6mpis85F1UP"
[1] "601279"
[1] "Catch"
[1] "Abd"
[1] "c6mpis85F1UP"
[1] "601209"
[1] "Catch"
[1] "Abd"
[1] "c6mpis85F1UP"
[1] "601235"
[1] "Catch"
[1] "Abd"
[1] "c6mpis85F1UP"
[1] "601213"
[1] "Catch"
[1] "Abd"
[1] "c6mpis85F1UP"
[1] "601290"
[1] "Catch"
[1] "Abd"
[1] "c6mpis85F1UP"
[1] "601265"
[1] "Catch"
[1] "Abd"
[1] "c6mpis85F1UP"
[1] "601320"
[1] "Catch"
[1] "Abd"
[1] "c6mpis85F1UP"
[1] "601278"
[1] "Catch"
[1] "Abd"
[1] "c6mpis85F1UP"
[1] "601300"
[1] "Catch"
[1] "Abd"
[1] "c6mpis85F1UP"
[1] "601288"
[1] "Catch"
[1] "Abd"
[1] "c6mpis85F1UP"
[1] "601327"
[1] "Catch"
[1] "Abd"
[1] "c6mpis85F1UP"
[1] "601306"
[1] "Catch"
[1] "Abd"
[1] "c6mpis85F1UP"
[1] "601340"
[1] "Catch"
[1] "Abd"
[1] "c6mpis85F1UP"
[1] "601319"
[1] "Catch"
[1] "Abd"
[1] "c6mpis85F1UP"
[1] "601334"
[1] "Catch"
[1] "Abd"
[1] "c6mpis85F1UP"
[1] "601321"
[1] "Catch"
[1] "Abd"
[1] "c6mpis85F1UP"
[1] "601342"
[1] "Catch"
[1] "Abd"
[1] "c6mpis85F1UP"
[1] "601351"
[1] "Catch"
[1] "Abd"
[1] "c6mpis85F1UP"
[1] "601336"
[1] "Catch"
[1] "Abd"
[1] "c6mpis85F1UP"
[1] "601338"
[1] "Catch"
[1] "Abd"
[1] "c6mpis85F1UP"
[1] "601343"
[1] "Catch"
[1] "Abd"
[1] "c6mpis85F1UP"
[1] "601341"
[1] "Catch"
[1] "Abd"
[1] "c6mpis85F1UP"
[1] "601353"
[1] "Catch"
[1] "Abd"
[1] "c6mpis85F1UP"
[1] "601365"
[1] "Catch"
[1] "Abd"
[1] "c6mpis85F1UP"
[1] "601348"
[1] "Catch"
[1] "Abd"
[1] "c6mpis85F1UP"
[1] "601350"
[1] "Catch"
[1] "Abd"
[1] "c6mpis85F1UP"
[1] "601356"
[1] "Catch"
[1] "Abd"
[1] "c6mpis85F1UP"
[1] "601352"
[1] "Catch"
[1] "Abd"
[1] "c6mpis85F1UP"
[1] "601367"
[1] "Catch"
[1] "Abd"
[1] "c6mpis85F1UP"
[1] "601382"
[1] "Catch"
[1] "Abd"
[1] "c6mpis85F1UP"
[1] "601357"
[1] "Catch"
[1] "Abd"
[1] "c6mpis85F1UP"
[1] "601363"
[1] "Catch"
[1] "Abd"
[1] "c6mpis85F1UP"
[1] "601370"
[1] "Catch"
[1] "Abd"
[1] "c6mpis85F1UP"
[1] "601366"
[1] "Catch"
[1] "Abd"
[1] "c6mpis85F1UP"
[1] "601407"
[1] "Catch"
[1] "Abd"
[1] "c6mpis85F1UP"
[1] "601452"
[1] "Catch"
[1] "Abd"
[1] "c6mpis85F1UP"
[1] "601371"
[1] "Catch"
[1] "Abd"
[1] "c6mpis85F1UP"
[1] "601381"
[1] "Catch"
[1] "Abd"
[1] "c6mpis85F1UP"
[1] "601408"
[1] "Catch"
[1] "Abd"
[1] "c6mpis85F1UP"
[1] "601383"
[1] "Catch"
[1] "Abd"
[1] "c6mpis85F1UP"
[1] "601454"
[1] "Catch"
[1] "Abd"
[1] "c6mpis85F1UP"
[1] "601466"
[1] "Catch"
[1] "Abd"
[1] "c6mpis85F1UP"
[1] "601417"
[1] "Catch"
[1] "Abd"
[1] "c6mpis85F1UP"
[1] "601455"
[1] "Catch"
[1] "Abd"
[1] "c6mpis85F1UP"
[1] "601423"
[1] "Catch"
[1] "Abd"
[1] "c6mpis85F1UP"
[1] "601453"
[1] "Catch"
[1] "Abd"
[1] "c6mpis85F1UP"
[1] "601477"
[1] "Catch"
[1] "Abd"
[1] "c6mpis85F1UP"
[1] "601505"
[1] "Catch"
[1] "Abd"
[1] "c6mpis85F1UP"
[1] "601456"
[1] "Catch"
[1] "Abd"
[1] "c6mpis85F1UP"
[1] "601484"
[1] "Catch"
[1] "Abd"
[1] "c6mpis85F1UP"
[1] "601458"
[1] "Catch"
[1] "Abd"
[1] "c6mpis85F1UP"
[1] "601470"
[1] "Catch"
[1] "Abd"
[1] "c6mpis85F1UP"
[1] "601510"
[1] "Catch"
[1] "Abd"
[1] "c6mpis85F1UP"
[1] "601530"
[1] "Catch"
[1] "Abd"
[1] "c6mpis85F1UP"
[1] "601486"
[1] "Catch"
[1] "Abd"
[1] "c6mpis85F1UP"
[1] "601511"
[1] "Catch"
[1] "Abd"
[1] "c6mpis85F1UP"
[1] "601494"
[1] "Catch"
[1] "Abd"
[1] "c6mpis85F1UP"
[1] "601508"
[1] "Catch"
[1] "Abd"
[1] "c6mpis85F1UP"
[1] "601582"
[1] "Catch"
[1] "Abd"
[1] "c6mpis85F1UP"
[1] "601589"
[1] "Catch"
[1] "Abd"
[1] "c6mpis85F1UP"
[1] "601519"
[1] "Catch"
[1] "Abd"
[1] "c6mpis85F1UP"
[1] "601583"
[1] "Catch"
[1] "Abd"
[1] "c6mpis85F1UP"
[1] "601520"
[1] "Catch"
[1] "Abd"
[1] "c6mpis85F1UP"
[1] "601574"
[1] "Catch"
[1] "Abd"
[1] "c6mpis85F1UP"
[1] "601592"
[1] "Catch"
[1] "Abd"
[1] "c6mpis85F1UP"
[1] "601596"
[1] "Catch"
[1] "Abd"
[1] "c6mpis85F1UP"
[1] "601584"
[1] "Catch"
[1] "Abd"
[1] "c6mpis85F1UP"
[1] "601593"
[1] "Catch"
[1] "Abd"
[1] "c6mpis85F1UP"
[1] "601587"
[1] "Catch"
[1] "Abd"
[1] "c6mpis85F1UP"
[1] "601590"
[1] "Catch"
[1] "Abd"
[1] "c6mpis85F1UP"
[1] "601604"
[1] "Catch"
[1] "Abd"
[1] "c6mpis85F1UP"
[1] "601619"
[1] "Catch"
[1] "Abd"
[1] "c6mpis85F1UP"
[1] "601594"
[1] "Catch"
[1] "Abd"
[1] "c6mpis85F1UP"
[1] "601608"
[1] "Catch"
[1] "Abd"
[1] "c6mpis85F1UP"
[1] "601595"
[1] "Catch"
[1] "Abd"
[1] "c6mpis85F1UP"
[1] "601600"
[1] "Catch"
[1] "Abd"
[1] "c6mpis85F1UP"
[1] "601627"
[1] "Catch"
[1] "Abd"
[1] "c6mpis85F1UP"
[1] "601663"
[1] "Catch"
[1] "Abd"
[1] "c6mpis85F1UP"
[1] "601609"
[1] "Catch"
[1] "Abd"
[1] "c6mpis85F1UP"
[1] "601641"
[1] "Catch"
[1] "Abd"
[1] "c6mpis85F1UP"
[1] "601616"
[1] "Catch"
[1] "Abd"
[1] "c6mpis85F1UP"
[1] "601625"
[1] "Catch"
[1] "Abd"
[1] "c6mpis85F1UP"
[1] "601692"
[1] "Catch"
[1] "Abd"
[1] "c6mpis85F1UP"
[1] "601722"
[1] "Catch"
[1] "Abd"
[1] "c6mpis85F1UP"
[1] "601659"
[1] "Catch"
[1] "Abd"
[1] "c6mpis85F1UP"
[1] "601696"
[1] "Catch"
[1] "Abd"
[1] "c6mpis85F1UP"
[1] "601661"
[1] "Catch"
[1] "Abd"
[1] "c6mpis85F1UP"
[1] "601664"
[1] "Catch"
[1] "Abd"
[1] "c6mpis85F1UP"
[1] "601734"
[1] "Catch"
[1] "Abd"
[1] "c6mpis85F1UP"
[1] "601749"
[1] "Catch"
[1] "Abd"
[1] "c6mpis85F1UP"
[1] "601706"
[1] "Catch"
[1] "Abd"
[1] "c6mpis85F1UP"
[1] "601735"
[1] "Catch"
[1] "Abd"
[1] "c6mpis85F1UP"
[1] "601707"
[1] "Catch"
[1] "Abd"
[1] "c6mpis85F1UP"
[1] "601732"
[1] "Catch"
[1] "Abd"
[1] "c6mpis85F1UP"
[1] "601753"
[1] "Catch"
[1] "Abd"
[1] "c6mpis85F1UP"
[1] "601759"
[1] "Catch"
[1] "Abd"
[1] "c6mpis85F1UP"
[1] "601736"
[1] "Catch"
[1] "Abd"
[1] "c6mpis85F1UP"
[1] "601754"
[1] "Catch"
[1] "Abd"
[1] "c6mpis85F1UP"
[1] "601747"
[1] "Catch"
[1] "Abd"
[1] "c6mpis85F1UP"
[1] "601752"
[1] "Catch"
[1] "Abd"
[1] "c6mpis85F1UP"
[1] "601825"
[1] "Catch"
[1] "Abd"
[1] "c6mpis85F1UP"
[1] "601844"
[1] "Catch"
[1] "Abd"
[1] "c6mpis85F1UP"
[1] "601756"
[1] "Catch"
[1] "Abd"
[1] "c6mpis85F1UP"
[1] "601827"
[1] "Catch"
[1] "Abd"
[1] "c6mpis85F1UP"
[1] "601758"
[1] "Catch"
[1] "Abd"
[1] "c6mpis85F1UP"
[1] "601773"
[1] "Catch"
[1] "Abd"
[1] "c6mpis85F1UP"
[1] "601846"
[1] "Catch"
[1] "Abd"
[1] "c6mpis85F1UP"
[1] "601863"
[1] "Catch"
[1] "Abd"
[1] "c6mpis85F1UP"
[1] "601847"
[1] "Catch"
[1] "Abd"
[1] "c6mpis85F1UP"
[1] "601828"
[1] "Catch"
[1] "Abd"
[1] "c6mpis85F1UP"
[1] "601843"
[1] "Catch"
[1] "Abd"
[1] "c6mpis85F1UP"
[1] "601845"
[1] "Catch"
[1] "Abd"
[1] "c6mpis85F1UP"
[1] "601869"
[1] "Catch"
[1] "Abd"
[1] "c6mpis85F1UP"
[1] "601889"
[1] "Catch"
[1] "Abd"
[1] "c6mpis85F1UP"
[1] "601874"
[1] "Catch"
[1] "Abd"
[1] "c6mpis85F1UP"
[1] "601851"
[1] "Catch"
[1] "Abd"
[1] "c6mpis85F1UP"
[1] "601852"
[1] "Catch"
[1] "Abd"
[1] "c6mpis85F1UP"
[1] "601867"
[1] "Catch"
[1] "Abd"
[1] "c6mpis85F1UP"
[1] "601895"
[1] "Catch"
[1] "Abd"
[1] "c6mpis85F1UP"
[1] "601918"
[1] "Catch"
[1] "Abd"
[1] "c6mpis85F1UP"
[1] "601899"
[1] "Catch"
[1] "Abd"
[1] "c6mpis85F1UP"
[1] "601879"
[1] "Catch"
[1] "Abd"
[1] "c6mpis85F1UP"
[1] "601888"
[1] "Catch"
[1] "Abd"
[1] "c6mpis85F1UP"
[1] "601893"
[1] "Catch"
[1] "Abd"
[1] "c6mpis85F1UP"
[1] "601926"
[1] "Catch"
[1] "Abd"
[1] "c6mpis85F1UP"
[1] "601947"
[1] "Catch"
[1] "Abd"
[1] "c6mpis85F1UP"
[1] "601933"
[1] "Catch"
[1] "Abd"
[1] "c6mpis85F1UP"
[1] "601906"
[1] "Catch"
[1] "Abd"
[1] "c6mpis85F1UP"
[1] "601917"
[1] "Catch"
[1] "Abd"
[1] "c6mpis85F1UP"
[1] "601923"
[1] "Catch"
[1] "Abd"
[1] "c6mpis85F1UP"
[1] "601951"
[1] "Catch"
[1] "Abd"
[1] "c6mpis85F1UP"
[1] "601964"
[1] "Catch"
[1] "Abd"
[1] "c6mpis85F1UP"
[1] "601953"
[1] "Catch"
[1] "Abd"
[1] "c6mpis85F1UP"
[1] "601937"
[1] "Catch"
[1] "Abd"
[1] "c6mpis85F1UP"
[1] "601939"
[1] "Catch"
[1] "Abd"
[1] "c6mpis85F1UP"
[1] "601950"
[1] "Catch"
[1] "Abd"
[1] "c6mpis85F1UP"
[1] "602012"
[1] "Catch"
[1] "Abd"
[1] "c6mpis85F1UP"
[1] "602058"
[1] "Catch"
[1] "Abd"
[1] "c6mpis85F1UP"
[1] "602014"
[1] "Catch"
[1] "Abd"
[1] "c6mpis85F1UP"
[1] "601962"
[1] "Catch"
[1] "Abd"
[1] "c6mpis85F1UP"
[1] "601963"
[1] "Catch"
[1] "Abd"
[1] "c6mpis85F1UP"
[1] "602005"
[1] "Catch"
[1] "Abd"
[1] "c6mpis85F1UP"
[1] "602060"
[1] "Catch"
[1] "Abd"
[1] "c6mpis85F1UP"
[1] "602500"
[1] "Catch"
[1] "Abd"
[1] "c6mpis85F1UP"
[1] "602497"
[1] "Catch"
[1] "Abd"
[1] "c6mpis85F1UP"
[1] "602020"
[1] "Catch"
[1] "Abd"
[1] "c6mpis85F1UP"
[1] "602023"
[1] "Catch"
[1] "Abd"
[1] "c6mpis85F1UP"
[1] "602059"
[1] "Catch"
[1] "Abd"
[1] "c6mpis85F1UP"
[1] "602503"
[1] "Catch"
[1] "Abd"
[1] "c6mpis85F1UP"
[1] "602531"
[1] "Catch"
[1] "Abd"
[1] "c6mpis85F1UP"
[1] "602508"
[1] "Catch"
[1] "Abd"
[1] "c6mpis85F1UP"
[1] "602498"
[1] "Catch"
[1] "Abd"
[1] "c6mpis85F1UP"
[1] "602499"
[1] "Catch"
[1] "Abd"
[1] "c6mpis85F1UP"
[1] "602501"
[1] "Catch"
[1] "Abd"
[1] "c6mpis85F1UP"
[1] "602534"
[1] "Catch"
[1] "Abd"
[1] "c6mpis85F1UP"
[1] "602561"
[1] "Catch"
[1] "Abd"
[1] "c6mpis85F1UP"
[1] "602535"
[1] "Catch"
[1] "Abd"
[1] "c6mpis85F1UP"
[1] "602513"
[1] "Catch"
[1] "Abd"
[1] "c6mpis85F1UP"
[1] "602530"
[1] "Catch"
[1] "Abd"
[1] "c6mpis85F1UP"
[1] "602532"
[1] "Catch"
[1] "Abd"
[1] "c6mpis85F1UP"
[1] "602577"
[1] "Catch"
[1] "Abd"
[1] "c6mpis85F1UP"
[1] "603267"
[1] "Catch"
[1] "Abd"
[1] "c6mpis85F1UP"
[1] "602589"
[1] "Catch"
[1] "Abd"
[1] "c6mpis85F1UP"
[1] "602540"
[1] "Catch"
[1] "Abd"
[1] "c6mpis85F1UP"
[1] "602557"
[1] "Catch"
[1] "Abd"
[1] "c6mpis85F1UP"
[1] "602572"
[1] "Catch"
[1] "Abd"
[1] "c6mpis85F1UP"
[1] "603334"
[1] "Catch"
[1] "Abd"
[1] "c6mpis85F1UP"
[1] "603578"
[1] "Catch"
[1] "Abd"
[1] "c6mpis85F1UP"
[1] "603539"
[1] "Catch"
[1] "Abd"
[1] "c6mpis85F1UP"
[1] "602700"
[1] "Catch"
[1] "Abd"
[1] "c6mpis85F1UP"
[1] "603255"
[1] "Catch"
[1] "Abd"
[1] "c6mpis85F1UP"
[1] "603310"
[1] "Catch"
[1] "Abd"
[1] "c6mpis85F1UP"
[1] "603611"
[1] "Catch"
[1] "Abd"
[1] "c6mpis85F1UP"
[1] "603811"
[1] "Catch"
[1] "Abd"
[1] "c6mpis85F1UP"
[1] "603671"
[1] "Catch"
[1] "Abd"
[1] "c6mpis85F1UP"
[1] "603542"
[1] "Catch"
[1] "Abd"
[1] "c6mpis85F1UP"
[1] "603574"
[1] "Catch"
[1] "Abd"
[1] "c6mpis85F1UP"
[1] "603594"
[1] "Catch"
[1] "Abd"
[1] "c6mpis85F1UP"
[1] "603920"
[1] "Catch"
[1] "Abd"
[1] "c6mpis85F1UP"
[1] "603987"
[1] "Catch"
[1] "Abd"
[1] "c6mpis85F1UP"
[1] "603923"
[1] "Catch"
[1] "Abd"
[1] "c6mpis85F1UP"
[1] "603672"
[1] "Catch"
[1] "Abd"
[1] "c6mpis85F1UP"
[1] "603810"
[1] "Catch"
[1] "Abd"
[1] "c6mpis85F1UP"
[1] "603915"
[1] "Catch"
[1] "Abd"
[1] "c6mpis85F1UP"
[1] "604009"
[1] "Catch"
[1] "Abd"
[1] "c6mpis85F1UP"
[1] "604237"
[1] "Catch"
[1] "Abd"
[1] "c6mpis85F1UP"
[1] "604140"
[1] "Catch"
[1] "Abd"
[1] "c6mpis85F1UP"
[1] "603971"
[1] "Catch"
[1] "Abd"
[1] "c6mpis85F1UP"
[1] "603979"
[1] "Catch"
[1] "Abd"
[1] "c6mpis85F1UP"
[1] "603989"
[1] "Catch"
[1] "Abd"
[1] "c6mpis85F1UP"
[1] "604239"
[1] "Catch"
[1] "Abd"
[1] "c6mpis85F1UP"
[1] "604250"
[1] "Catch"
[1] "Abd"
[1] "c6mpis85F1UP"
[1] "604247"
[1] "Catch"
[1] "Abd"
[1] "c6mpis85F1UP"
[1] "604215"
[1] "Catch"
[1] "Abd"
[1] "c6mpis85F1UP"
[1] "604228"
[1] "Catch"
[1] "Abd"
[1] "c6mpis85F1UP"
[1] "604238"
[1] "Catch"
[1] "Abd"
[1] "c6mpis85F1UP"
[1] "604255"
[1] "Catch"
[1] "Abd"
[1] "c6mpis85F1UP"
[1] "604443"
[1] "Catch"
[1] "Abd"
[1] "c6mpis85F1UP"
[1] "604326"
[1] "Catch"
[1] "Abd"
[1] "c6mpis85F1UP"
[1] "604248"
[1] "Catch"
[1] "Abd"
[1] "c6mpis85F1UP"
[1] "604249"
[1] "Catch"
[1] "Abd"
[1] "c6mpis85F1UP"
[1] "604252"
[1] "Catch"
[1] "Abd"
[1] "c6mpis85F1UP"
[1] "604461"
[1] "Catch"
[1] "Abd"
[1] "c6mpis85F1UP"
[1] "604504"
[1] "Catch"
[1] "Abd"
[1] "c6mpis85F1UP"
[1] "604464"
[1] "Catch"
[1] "Abd"
[1] "c6mpis85F1UP"
[1] "604329"
[1] "Catch"
[1] "Abd"
[1] "c6mpis85F1UP"
[1] "604330"
[1] "Catch"
[1] "Abd"
[1] "c6mpis85F1UP"
[1] "604460"
[1] "Catch"
[1] "Abd"
[1] "c6mpis85F1UP"
[1] "604540"
[1] "Catch"
[1] "Abd"
[1] "c6mpis85F1UP"
[1] "604552"
[1] "Catch"
[1] "Abd"
[1] "c6mpis85F1UP"
[1] "604543"
[1] "Catch"
[1] "Abd"
[1] "c6mpis85F1UP"
[1] "604465"
[1] "Catch"
[1] "Abd"
[1] "c6mpis85F1UP"
[1] "604493"
[1] "Catch"
[1] "Abd"
[1] "c6mpis85F1UP"
[1] "604538"
[1] "Catch"
[1] "Abd"
[1] "c6mpis85F1UP"
[1] "604559"
[1] "Catch"
[1] "Abd"
[1] "c6mpis85F1UP"
[1] "604642"
[1] "Catch"
[1] "Abd"
[1] "c6mpis85F1UP"
[1] "604569"
[1] "Catch"
[1] "Abd"
[1] "c6mpis85F1UP"
[1] "604544"
[1] "Catch"
[1] "Abd"
[1] "c6mpis85F1UP"
[1] "604548"
[1] "Catch"
[1] "Abd"
[1] "c6mpis85F1UP"
[1] "604556"
[1] "Catch"
[1] "Abd"
[1] "c6mpis85F1UP"
[1] "604708"
[1] "Catch"
[1] "Abd"
[1] "c6mpis85F1UP"
[1] "604824"
[1] "Catch"
[1] "Abd"
[1] "c6mpis85F1UP"
[1] "604722"
[1] "Catch"
[1] "Abd"
[1] "c6mpis85F1UP"
[1] "604589"
[1] "Catch"
[1] "Abd"
[1] "c6mpis85F1UP"
[1] "604641"
[1] "Catch"
[1] "Abd"
[1] "c6mpis85F1UP"
[1] "604887"
[1] "Catch"
[1] "Abd"
[1] "c6mpis85F1UP"
[1] "604702"
[1] "Catch"
[1] "Abd"
[1] "c6mpis85F1UP"
[1] "604988"
[1] "Catch"
[1] "Abd"
[1] "c6mpis85F1UP"
[1] "604943"
[1] "Catch"
[1] "Abd"
[1] "c6mpis85F1UP"
[1] "604740"
[1] "Catch"
[1] "Abd"
[1] "c6mpis85F1UP"
[1] "604791"
[1] "Catch"
[1] "Abd"
[1] "c6mpis85F1UP"
[1] "604997"
[1] "Catch"
[1] "Abd"
[1] "c6mpis85F1UP"
[1] "604827"
[1] "Catch"
[1] "Abd"
[1] "c6mpis85F1UP"
[1] "605008"
[1] "Catch"
[1] "Abd"
[1] "c6mpis85F1UP"
[1] "605002"
[1] "Catch"
[1] "Abd"
[1] "c6mpis85F1UP"
[1] "604961"
[1] "Catch"
[1] "Abd"
[1] "c6mpis85F1UP"
[1] "604964"
[1] "Catch"
[1] "Abd"
[1] "c6mpis85F1UP"
[1] "605038"
[1] "Catch"
[1] "Abd"
[1] "c6mpis85F1UP"
[1] "604996"
[1] "Catch"
[1] "Abd"
[1] "c6mpis85F1UP"
[1] "605081"
[1] "Catch"
[1] "Abd"
[1] "c6mpis85F1UP"
[1] "605048"
[1] "Catch"
[1] "Abd"
[1] "c6mpis85F1UP"
[1] "605003"
[1] "Catch"
[1] "Abd"
[1] "c6mpis85F1UP"
[1] "605007"
[1] "Catch"
[1] "Abd"
[1] "c6mpis85F1UP"
[1] "605348"
[1] "Catch"
[1] "Abd"
[1] "c6mpis85F1UP"
[1] "605009"
[1] "Catch"
[1] "Abd"
[1] "c6mpis85F1UP"
[1] "605367"
[1] "Catch"
[1] "Abd"
[1] "c6mpis85F1UP"
[1] "605353"
[1] "Catch"
[1] "Abd"
[1] "c6mpis85F1UP"
[1] "605066"
[1] "Catch"
[1] "Abd"
[1] "c6mpis85F1UP"
[1] "605071"
[1] "Catch"
[1] "Abd"
[1] "c6mpis85F1UP"
[1] "605429"
[1] "Catch"
[1] "Abd"
[1] "c6mpis85F1UP"
[1] "605094"
[1] "Catch"
[1] "Abd"
[1] "c6mpis85F1UP"
[1] "605524"
[1] "Catch"
[1] "Abd"
[1] "c6mpis85F1UP"
[1] "605492"
[1] "Catch"
[1] "Abd"
[1] "c6mpis85F1UP"
[1] "605354"
[1] "Catch"
[1] "Abd"
[1] "c6mpis85F1UP"
[1] "605355"
[1] "Catch"
[1] "Abd"
[1] "c6mpis85F1UP"
[1] "605537"
[1] "Catch"
[1] "Abd"
[1] "c6mpis85F1UP"
[1] "605382"
[1] "Catch"
[1] "Abd"
[1] "c6mpis85F1UP"
[1] "605852"
[1] "Catch"
[1] "Abd"
[1] "c6mpis85F1UP"
[1] "605548"
[1] "Catch"
[1] "Abd"
[1] "c6mpis85F1UP"
[1] "605503"
[1] "Catch"
[1] "Abd"
[1] "c6mpis85F1UP"
[1] "605933"
[1] "Catch"
[1] "Abd"
[1] "c6mpis85F1UP"
[1] "605504"
[1] "Catch"
[1] "Abd"
[1] "c6mpis85F1UP"
[1] "605526"
[1] "Catch"
[1] "Abd"
[1] "c6mpis85F1UP"
[1] "605996"
[1] "Catch"
[1] "Abd"
[1] "c6mpis85F1UP"
[1] "605937"
[1] "Catch"
[1] "Abd"
[1] "c6mpis85F1UP"
[1] "605659"
[1] "Catch"
[1] "Abd"
[1] "c6mpis85F1UP"
[1] "606082"
[1] "Catch"
[1] "Abd"
[1] "c6mpis85F1UP"
[1] "605801"
[1] "Catch"
[1] "Abd"
[1] "c6mpis85F1UP"
[1] "605889"
[1] "Catch"
[1] "Abd"
[1] "c6mpis85F1UP"
[1] "606422"
[1] "Catch"
[1] "Abd"
[1] "c6mpis85F1UP"
[1] "606356"
[1] "Catch"
[1] "Abd"
[1] "c6mpis85F1UP"
[1] "605938"
[1] "Catch"
[1] "Abd"
[1] "c6mpis85F1UP"
[1] "606441"
[1] "Catch"
[1] "Abd"
[1] "c6mpis85F1UP"
[1] "605983"
[1] "Catch"
[1] "Abd"
[1] "c6mpis85F1UP"
[1] "606006"
[1] "Catch"
[1] "Abd"
[1] "c6mpis85F1UP"
[1] "606470"
[1] "Catch"
[1] "Abd"
[1] "c6mpis85F1UP"
[1] "606447"
[1] "Catch"
[1] "Abd"
[1] "c6mpis85F1UP"
[1] "606358"
[1] "Catch"
[1] "Abd"
[1] "c6mpis85F1UP"
[1] "606479"
[1] "Catch"
[1] "Abd"
[1] "c6mpis85F1UP"
[1] "606396"
[1] "Catch"
[1] "Abd"
[1] "c6mpis85F1UP"
[1] "606426"
[1] "Catch"
[1] "Abd"
[1] "c6mpis85F1UP"
[1] "606950"
[1] "Catch"
[1] "Abd"
[1] "c6mpis85F1UP"
[1] "606507"
[1] "Catch"
[1] "Abd"
[1] "c6mpis85F1UP"
[1] "606450"
[1] "Catch"
[1] "Abd"
[1] "c6mpis85F1UP"
[1] "606952"
[1] "Catch"
[1] "Abd"
[1] "c6mpis85F1UP"
[1] "606465"
[1] "Catch"
[1] "Abd"
[1] "c6mpis85F1UP"
[1] "606473"
[1] "Catch"
[1] "Abd"
[1] "c6mpis85F1UP"
[1] "607041"
[1] "Catch"
[1] "Abd"
[1] "c6mpis85F1UP"
[1] "606957"
[1] "Catch"
[1] "Abd"
[1] "c6mpis85F1UP"
[1] "606531"
[1] "Catch"
[1] "Abd"
[1] "c6mpis85F1UP"
[1] "607046"
[1] "Catch"
[1] "Abd"
[1] "c6mpis85F1UP"
[1] "606948"
[1] "Catch"
[1] "Abd"
[1] "c6mpis85F1UP"
[1] "606951"
[1] "Catch"
[1] "Abd"
[1] "c6mpis85F1UP"
[1] "607054"
[1] "Catch"
[1] "Abd"
[1] "c6mpis85F1UP"
[1] "607047"
[1] "Catch"
[1] "Abd"
[1] "c6mpis85F1UP"
[1] "607039"
[1] "Catch"
[1] "Abd"
[1] "c6mpis85F1UP"
[1] "607108"
[1] "Catch"
[1] "Abd"
[1] "c6mpis85F1UP"
[1] "607040"
[1] "Catch"
[1] "Abd"
[1] "c6mpis85F1UP"
[1] "607045"
[1] "Catch"
[1] "Abd"
[1] "c6mpis85F1UP"
[1] "607126"
[1] "Catch"
[1] "Abd"
[1] "c6mpis85F1UP"
[1] "607110"
[1] "Catch"
[1] "Abd"
[1] "c6mpis85F1UP"
[1] "607048"
[1] "Catch"
[1] "Abd"
[1] "c6mpis85F1UP"
[1] "607151"
[1] "Catch"
[1] "Abd"
[1] "c6mpis85F1UP"
[1] "607052"
[1] "Catch"
[1] "Abd"
[1] "c6mpis85F1UP"
[1] "607055"
[1] "Catch"
[1] "Abd"
[1] "c6mpis85F1UP"
[1] "607430"
[1] "Catch"
[1] "Abd"
[1] "c6mpis85F1UP"
[1] "607327"
[1] "Catch"
[1] "Abd"
[1] "c6mpis85F1UP"
[1] "607111"
[1] "Catch"
[1] "Abd"
[1] "c6mpis85F1UP"
[1] "607616"
[1] "Catch"
[1] "Abd"
[1] "c6mpis85F1UP"
[1] "607113"
[1] "Catch"
[1] "Abd"
[1] "c6mpis85F1UP"
[1] "607138"
[1] "Catch"
[1] "Abd"
[1] "c6mpis85F1UP"
[1] "607620"
[1] "Catch"
[1] "Abd"
[1] "c6mpis85F1UP"
[1] "607617"
[1] "Catch"
[1] "Abd"
[1] "c6mpis85F1UP"
[1] "607354"
[1] "Catch"
[1] "Abd"
[1] "c6mpis85F1UP"
[1] "607706"
[1] "Catch"
[1] "Abd"
[1] "c6mpis85F1UP"
[1] "607366"
[1] "Catch"
[1] "Abd"
[1] "c6mpis85F1UP"
[1] "607614"
[1] "Catch"
[1] "Abd"
[1] "c6mpis85F1UP"
[1] "607945"
[1] "Catch"
[1] "Abd"
[1] "c6mpis85F1UP"
[1] "607708"
[1] "Catch"
[1] "Abd"
[1] "c6mpis85F1UP"
[1] "607618"
[1] "Catch"
[1] "Abd"
[1] "c6mpis85F1UP"
[1] "608166"
[1] "Catch"
[1] "Abd"
[1] "c6mpis85F1UP"
[1] "607619"
[1] "Catch"
[1] "Abd"
[1] "c6mpis85F1UP"
[1] "607703"
[1] "Catch"
[1] "Abd"
[1] "c6mpis85F1UP"
[1] "608390"
[1] "Catch"
[1] "Abd"
[1] "c6mpis85F1UP"
[1] "608172"
[1] "Catch"
[1] "Abd"
[1] "c6mpis85F1UP"
[1] "607903"
[1] "Catch"
[1] "Abd"
[1] "c6mpis85F1UP"
[1] "608490"
[1] "Catch"
[1] "Abd"
[1] "c6mpis85F1UP"
[1] "607931"
[1] "Catch"
[1] "Abd"
[1] "c6mpis85F1UP"
[1] "608092"
[1] "Catch"
[1] "Abd"
[1] "c6mpis85F1UP"
[1] "608852"
[1] "Catch"
[1] "Abd"
[1] "c6mpis85F1UP"
[1] "608540"
[1] "Catch"
[1] "Abd"
[1] "c6mpis85F1UP"
[1] "608173"
[1] "Catch"
[1] "Abd"
[1] "c6mpis85F1UP"
[1] "608991"
[1] "Catch"
[1] "Abd"
[1] "c6mpis85F1UP"
[1] "608315"
[1] "Catch"
[1] "Abd"
[1] "c6mpis85F1UP"
[1] "608483"
[1] "Catch"
[1] "Abd"
[1] "c6mpis85F1UP"
[1] "609907"
[1] "Catch"
[1] "Abd"
[1] "c6mpis85F1UP"
[1] "609000"
[1] "Catch"
[1] "Abd"
[1] "c6mpis85F1UP"
[1] "608556"
[1] "Catch"
[1] "Abd"
[1] "c6mpis85F1UP"
[1] "610106"
[1] "Catch"
[1] "Abd"
[1] "c6mpis85F1UP"
[1] "608816"
[1] "Catch"
[1] "Abd"
[1] "c6mpis85F1UP"
[1] "608924"
[1] "Catch"
[1] "Abd"
[1] "c6mpis85F1UP"
[1] "610256"
[1] "Catch"
[1] "Abd"
[1] "c6mpis85F1UP"
[1] "610190"
[1] "Catch"
[1] "Abd"
[1] "c6mpis85F1UP"
[1] "609146"
[1] "Catch"
[1] "Abd"
[1] "c6mpis85F1UP"
[1] "610307"
[1] "Catch"
[1] "Abd"
[1] "c6mpis85F1UP"
[1] "609256"
[1] "Catch"
[1] "Abd"
[1] "c6mpis85F1UP"
[1] "609908"
[1] "Catch"
[1] "Abd"
[1] "c6mpis85F1UP"
[1] "612917"
[1] "Catch"
[1] "Abd"
[1] "c6mpis85F1UP"
[1] "610308"
[1] "Catch"
[1] "Abd"
[1] "c6mpis85F1UP"
[1] "610220"
[1] "Catch"
[1] "Abd"
[1] "c6mpis85F1UP"
[1] "612919"
[1] "Catch"
[1] "Abd"
[1] "c6mpis85F1UP"
[1] "610238"
[1] "Catch"
[1] "Abd"
[1] "c6mpis85F1UP"
[1] "610301"
[1] "Catch"
[1] "Abd"
[1] "c6mpis85F1UP"
[1] "613139"
[1] "Catch"
[1] "Abd"
[1] "c6mpis85F1UP"
[1] "612920"
[1] "Catch"
[1] "Abd"
[1] "c6mpis85F1UP"
[1] "613664"
[1] "Catch"
[1] "Abd"
[1] "c6mpis85F1UP"
[1] "611820"
[1] "Catch"
[1] "Abd"
[1] "c6mpis85F1UP"
[1] "612005"
[1][1] "Catch" "Catch"

[1][1] "Abd" "Abd"

[1][1] "c6mpis85F1UP" "c6mpis85F1UP"

[1][1] "614290" "612918"

[1] "Catch"
[1] "Abd"
[1] "c6mpis85F1UP"
[1] "614063"
[1] "Catch"
[1] "Abd"
[1] "c6mpis85F1UP"
[1] "614383"
[1] "Catch"
[1] "Abd"
[1] "c6mpis85F1UP"
[1] "612922"
[1] "Catch"
[1] "Abd"
[1] "c6mpis85F1UP"
[1] "612962"
[1] "Catch"
[1] "Abd"
[1] "c6mpis85F1UP"
[1] "646376"
[1] "Catch"
[1] "Abd"
[1] "c6mpis85F1UP"
[1] "613146"
[1] "Catch"
[1] "Abd"
[1] "c6mpis85F1UP"
[1] "615483"
[1] "Catch"
[1] "Abd"
[1] "c6mpis85F1UP"
[1] "648382"
[1] "Catch"
[1] "Abd"
[1] "c6mpis85F1UP"
[1] "614129"
[1] "Catch"
[1] "Abd"
[1] "c6mpis85F1UP"
[1] "614242"
[1] "Catch"
[1] "Abd"
[1] "c6mpis85F1UP"
[1] "690003"
[1] "Catch"
[1] "Abd"
[1] "c6mpis85F1UP"
[1] "614354"
[1] "Catch"
[1] "Abd"
[1] "c6mpis85F1UP"
[1] "650136"
[1] "Catch"
[1] "Abd"
[1] "c6mpis85F1UP"
[1] "690009"
[1] "Catch"
[1] "Abd"
[1] "c6mpis85F1UP"
[1] "624237"
[1] "Catch"
[1] "Abd"
[1] "c6mpis85F1UP"
[1] "628128"
[1] "Catch"
[1] "Abd"
[1] "c6mpis85F1UP"
[1] "690016"
[1] "Catch"
[1] "Abd"
[1] "c6mpis85F1UP"
[1] "648134"
[1] "Catch"
[1] "Abd"
[1] "c6mpis85F1UP"
[1] "690010"
[1] "Catch"
[1] "Abd"
[1] "c6mpis85F1UP"
[1] "690023"
[1] "Catch"
[1] "Abd"
[1] "c6mpis85F1UP"
[1] "657505"
[1] "Catch"
[1] "Abd"
[1] "c6mpis85F1UP"
[1] "657506"
[1] "Catch"
[1] "Abd"
[1] "c6mpis85F1UP"
[1] "690031"
[1] "Catch"
[1] "Abd"
[1] "c6mpis85F1UP"
[1] "690005"
[1] "Catch"
[1] "Abd"
[1] "c6mpis85F1UP"
[1] "690024"
[1] "Catch"
[1] "Abd"
[1] "c6mpis85F1UP"
[1] "690033"
[1] "Catch"
[1] "Abd"
[1] "c6mpis85F1UP"
[1] "690011"
[1] "Catch"
[1] "Abd"
[1] "c6mpis85F1UP"
[1] "690049"
[1] "Catch"
[1] "Abd"
[1] "c6mpis85F1UP"
[1] "690013"
[1] "Catch"
[1] "Abd"
[1] "c6mpis85F1UP"
[1] "690022"
[1] "Catch"
[1] "Abd"
[1] "c6mpis85F1UP"
[1] "690036"
[1] "Catch"
[1] "Abd"
[1] "c6mpis85F1UP"
[1] "690051"
[1] "Catch"
[1] "Abd"
[1] "c6mpis85F1UP"
[1] "690029"
[1] "Catch"
[1] "Abd"
[1] "c6mpis85F1UP"
[1] "690055"
[1] "Catch"
[1] "Abd"
[1] "c6mpis85F1UP"
[1] "690030"
[1] "Catch"
[1] "Abd"
[1] "c6mpis85F1UP"
[1] "690032"
[1] "Catch"
[1] "Abd"
[1] "c6mpis85F1UP"
[1] "690052"
[1] "Catch"
[1] "Abd"
[1] "c6mpis85F1UP"
[1] "690060"
[1] "Catch"
[1] "Abd"
[1] "c6mpis85F1UP"
[1] "690039"
[1] "Catch"
[1] "Abd"
[1] "c6mpis85F1UP"
[1] "690069"
[1] "Catch"
[1] "Abd"
[1] "c6mpis85F1UP"
[1] "690042"
[1] "Catch"
[1] "Abd"
[1] "c6mpis85F1UP"
[1] "690050"
[1] "Catch"
[1] "Abd"
[1] "c6mpis85F1UP"
[1] "690064"
[1] "Catch"
[1] "Abd"
[1] "c6mpis85F1UP"
[1] "690071"
[1] "Catch"
[1] "Abd"
[1] "c6mpis85F1UP"
[1] "690053"
[1] "Catch"
[1] "Abd"
[1] "c6mpis85F1UP"
[1] "690078"
[1] "Catch"
[1] "Abd"
[1] "c6mpis85F1UP"
[1] "690054"
[1] "Catch"
[1] "Abd"
[1] "c6mpis85F1UP"
[1] "690059"
[1] "Catch"
[1] "Abd"
[1] "c6mpis85F1UP"
[1] "690075"
[1] "Catch"
[1] "Abd"
[1] "c6mpis85F1UP"
[1] "690082"
[1] "Catch"
[1] "Abd"
[1] "c6mpis85F1UP"
[1] "690065"
[1] "Catch"
[1] "Abd"
[1] "c6mpis85F1UP"
[1] "690089"
[1] "Catch"
[1] "Abd"
[1] "c6mpis85F1UP"
[1] "690067"
[1] "Catch"
[1] "Abd"
[1] "c6mpis85F1UP"
[1] "690070"
[1] "Catch"
[1] "Abd"
[1] "c6mpis85F1UP"
[1] "690085"
[1] "Catch"
[1] "Abd"
[1] "c6mpis85F1UP"
[1] "690091"
[1] "Catch"
[1] "Abd"
[1] "c6mpis85F1UP"
[1] "690076"
[1] "Catch"
[1] "Abd"
[1] "c6mpis85F1UP"
[1] "690109"
[1] "Catch"
[1] "Abd"
[1] "c6mpis85F1UP"
[1] "690077"
[1] "Catch"
[1] "Abd"
[1] "c6mpis85F1UP"
[1] "690081"
[1] "Catch"
[1] "Abd"
[1] "c6mpis85F1UP"
[1] "690092"
[1] "Catch"
[1] "Abd"
[1] "c6mpis85F1UP"
[1] "690119"
[1] "Catch"
[1] "Abd"
[1] "c6mpis85F1UP"
[1] "690087"
[1] "Catch"
[1] "Abd"
[1] "c6mpis85F1UP"
[1] "690124"
[1] "Catch"
[1] "Abd"
[1] "c6mpis85F1UP"
[1] "690088"
[1] "Catch"
[1] "Abd"
[1] "c6mpis85F1UP"
[1] "690090"
[1] "Catch"
[1] "Abd"
[1] "c6mpis85F1UP"
[1] "690120"
[1] "Catch"
[1] "Abd"
[1] "c6mpis85F1UP"
[1] "690126"
[1] "Catch"
[1] "Abd"
[1] "c6mpis85F1UP"
[1] "690100"
[1] "Catch"
[1] "Abd"
[1] "c6mpis85F1UP"
[1] "690151"
[1] "Catch"
[1] "Abd"
[1] "c6mpis85F1UP"
[1] "690105"
[1] "Catch"
[1] "Abd"
[1] "c6mpis85F1UP"
[1] "690115"
[1] "Catch"
[1] "Abd"
[1] "c6mpis85F1UP"
[1] "690133"
[1] "Catch"
[1] "Abd"
[1] "c6mpis85F1UP"
[1] "690157"
[1] "Catch"
[1] "Abd"
[1] "c6mpis85F1UP"
[1] "690122"
[1] "Catch"
[1] "Abd"
[1] "c6mpis85F1UP"
[1] "690166"
[1] "Catch"
[1] "Abd"
[1] "c6mpis85F1UP"
[1] "690123"
[1] "Catch"
[1] "Abd"
[1] "c6mpis85F1UP"
[1] "690125"
[1] "Catch"
[1] "Abd"
[1] "c6mpis85F1UP"
[1] "690158"
[1] "Catch"
[1] "Abd"
[1] "c6mpis85F1UP"
[1] "690169"
[1] "Catch"
[1] "Abd"
[1] "c6mpis85F1UP"
[1] "690143"
[1] "Catch"
[1] "Abd"
[1] "c6mpis85F1UP"
[1] "690190"
[1] "Catch"
[1] "Abd"
[1] "c6mpis85F1UP"
[1] "690146"
[1] "Catch"
[1] "Abd"
[1] "c6mpis85F1UP"
[1] "690156"
[1] "Catch"
[1] "Abd"
[1] "c6mpis85F1UP"
[1] "690176"
[1] "Catch"
[1] "Abd"
[1] "c6mpis85F1UP"
[1] "690196"
[1] "Catch"
[1] "Abd"
[1] "c6mpis85F1UP"
[1] "690161"
[1] "Catch"
[1] "Abd"
[1] "c6mpis85F1UP"
[1] "690205"
[1] "Catch"
[1] "Abd"
[1] "c6mpis85F1UP"
[1] "690163"
[1] "Catch"
[1] "Abd"
[1] "c6mpis85F1UP"
[1] "690168"
[1] "Catch"
[1] "Abd"
[1] "c6mpis85F1UP"
[1] "690198"
[1] "Catch"
[1] "Abd"
[1] "c6mpis85F1UP"
[1] "690215"
[1] "Catch"
[1] "Abd"
[1] "c6mpis85F1UP"
[1] "690185"
[1] "Catch"
[1] "Abd"
[1] "c6mpis85F1UP"
[1] "690227"
[1] "Catch"
[1] "Abd"
[1] "c6mpis85F1UP"
[1] "690189"
[1] "Catch"
[1] "Abd"
[1] "c6mpis85F1UP"
[1] "690194"
[1] "Catch"
[1] "Abd"
[1] "c6mpis85F1UP"
[1] "690217"
[1] "Catch"
[1] "Abd"
[1] "c6mpis85F1UP"
[1] "690230"
[1] "Catch"
[1] "Abd"
[1] "c6mpis85F1UP"
[1] "690199"
[1] "Catch"
[1] "Abd"
[1] "c6mpis85F1UP"
[1] "690249"
[1] "Catch"
[1] "Abd"
[1] "c6mpis85F1UP"
[1] "690203"
[1] "Catch"
[1] "Abd"
[1] "c6mpis85F1UP"
[1] "690206"
[1] "Catch"
[1] "Abd"
[1] "c6mpis85F1UP"
[1] "690232"
[1] "Catch"
[1] "Abd"
[1] "c6mpis85F1UP"
[1] "690256"
[1] "Catch"
[1] "Abd"
[1] "c6mpis85F1UP"
[1] "690268"
[1] "Catch"
[1] "Abd"
[1] "c6mpis85F1UP"
[1] "690218"
[1] "Catch"
[1] "Abd"
[1] "c6mpis85F1UP"
[1] "690219"
[1] "Catch"
[1] "Abd"
[1] "c6mpis85F1UP"
[1] "690228"
[1] "Catch"
[1] "Abd"
[1] "c6mpis85F1UP"
[1] "690257"
[1] "Catch"
[1] "Abd"
[1] "c6mpis85F1UP"
[1] "690270"
[1] "Catch"
[1] "Abd"
[1] "c6mpis85F1UP"
[1] "690274"
[1] "Catch"
[1] "Abd"
[1] "c6mpis85F1UP"
[1] "690241"
[1] "Catch"
[1] "Abd"
[1] "c6mpis85F1UP"
[1] "690242"
[1] "Catch"
[1] "Abd"
[1] "c6mpis85F1UP"
[1] "690253"
[1] "Catch"
[1] "Abd"
[1] "c6mpis85F1UP"
[1] "690271"
[1] "Catch"
[1] "Abd"
[1] "c6mpis85F1UP"
[1] "690279"
[1] "Catch"
[1] "Abd"
[1] "c6mpis85F1UP"
[1] "690286"
[1] "Catch"
[1] "Abd"
[1] "c6mpis85F1UP"
[1] "690259"
[1] "Catch"
[1] "Abd"
[1] "c6mpis85F1UP"
[1] "690265"
[1] "Catch"
[1] "Abd"
[1] "c6mpis85F1UP"
[1] "690269"
[1] "Catch"
[1] "Abd"
[1] "c6mpis85F1UP"
[1] "690282"
[1] "Catch"
[1] "Abd"
[1] "c6mpis85F1UP"
[1] "690288"
[1] "Catch"
[1] "Abd"
[1] "c6mpis85F1UP"
[1] "690305"
[1] "Catch"
[1] "Abd"
[1] "c6mpis85F1UP"
[1] "690272"
[1] "Catch"
[1] "Abd"
[1] "c6mpis85F1UP"
[1] "690273"
[1] "Catch"
[1] "Abd"
[1] "c6mpis85F1UP"
[1] "690275"
[1] "Catch"
[1] "Abd"
[1] "c6mpis85F1UP"
[1] "690296"
[1] "Catch"
[1] "Abd"
[1] "c6mpis85F1UP"
[1] "690314"
[1] "Catch"
[1] "Abd"
[1] "c6mpis85F1UP"
[1] "690328"
[1] "Catch"
[1] "Abd"
[1] "c6mpis85F1UP"
[1] "690283"
[1] "Catch"
[1] "Abd"
[1] "c6mpis85F1UP"
[1] "690285"
[1] "Catch"
[1] "Abd"
[1] "c6mpis85F1UP"
[1] "690287"
[1] "Catch"
[1] "Abd"
[1] "c6mpis85F1UP"
[1] "690320"
[1] "Catch"
[1] "Abd"
[1] "c6mpis85F1UP"
[1] "690335"
[1] "Catch"
[1] "Abd"
[1] "c6mpis85F1UP"
[1] "690343"
[1] "Catch"
[1] "Abd"
[1] "c6mpis85F1UP"
[1] "690302"
[1] "Catch"
[1] "Abd"
[1] "c6mpis85F1UP"
[1] "690303"
[1] "Catch"
[1] "Abd"
[1] "c6mpis85F1UP"
[1] "690309"
[1] "Catch"
[1] "Abd"
[1] "c6mpis85F1UP"
[1] "690337"
[1] "Catch"
[1] "Abd"
[1] "c6mpis85F1UP"
[1] "690356"
[1] "Catch"
[1] "Abd"
[1] "c6mpis85F1UP"
[1] "690379"
[1] "Catch"
[1] "Abd"
[1] "c6mpis85F1UP"
[1] "690321"
[1] "Catch"
[1] "Abd"
[1] "c6mpis85F1UP"
[1] "690327"
[1] "Catch"
[1] "Abd"
[1] "c6mpis85F1UP"
[1] "690332"
[1] "Catch"
[1] "Abd"
[1] "c6mpis85F1UP"
[1] "690364"
[1] "Catch"
[1] "Abd"
[1] "c6mpis85F1UP"
[1] "690383"
[1] "Catch"
[1] "Abd"
[1] "c6mpis85F1UP"
[1] "690403"
[1] "Catch"
[1] "Abd"
[1] "c6mpis85F1UP"
[1] "690338"
[1] "Catch"
[1] "Abd"
[1] "c6mpis85F1UP"
[1] "690341"
[1] "Catch"
[1] "Abd"
[1] "c6mpis85F1UP"
[1] "690354"
[1] "Catch"
[1] "Abd"
[1] "c6mpis85F1UP"
[1] "690392"
[1] "Catch"
[1] "Abd"
[1] "c6mpis85F1UP"
[1] "690411"
[1] "Catch"
[1] "Abd"
[1] "c6mpis85F1UP"
[1] "690429"
[1] "Catch"
[1] "Abd"
[1] "c6mpis85F1UP"
[1] "690374"
[1] "Catch"
[1] "Abd"
[1] "c6mpis85F1UP"
[1] "690378"
[1] "Catch"
[1] "Abd"
[1] "c6mpis85F1UP"
[1] "690381"
[1] "Catch"
[1] "Abd"
[1] "c6mpis85F1UP"
[1] "690420"
[1] "Catch"
[1] "Abd"
[1] "c6mpis85F1UP"
[1] "690432"
[1] "Catch"
[1] "Abd"
[1] "c6mpis85F1UP"
[1] "690444"
[1] "Catch"
[1] "Abd"
[1] "c6mpis85F1UP"
[1] "690398"
[1] "Catch"
[1] "Abd"
[1] "c6mpis85F1UP"
[1] "690400"
[1] "Catch"
[1] "Abd"
[1] "c6mpis85F1UP"
[1] "690404"
[1] "Catch"
[1] "Abd"
[1] "c6mpis85F1UP"
[1] "690433"
[1] "Catch"
[1] "Abd"
[1] "c6mpis85F1UP"
[1] "690470"
[1] "Catch"
[1] "Abd"
[1] "c6mpis85F1UP"
[1] "690609"
[1] "Catch"
[1] "Abd"
[1] "c6mpis85F1UP"
[1] "690423"
[1] "Catch"
[1] "Abd"
[1] "c6mpis85F1UP"
[1] "690425"
[1] "Catch"
[1] "Abd"
[1] "c6mpis85F1UP"
[1] "690430"
[1] "Catch"
[1] "Abd"
[1] "c6mpis85F1UP"
[1] "690595"
[1] "Catch"
[1] "Abd"
[1] "c6mpis85F1UP"
[1] "690611"
[1] "Catch"
[1] "Abd"
[1] "c6mpis85F1UP"
[1] "690618"
[1] "Catch"
[1] "Abd"
[1] "c6mpis85F1UP"
[1] "690434"
[1] "Catch"
[1] "Abd"
[1] "c6mpis85F1UP"
[1] "690440"
[1] "Catch"
[1] "Abd"
[1] "c6mpis85F1UP"
[1] "690445"
[1] "Catch"
[1] "Abd"
[1] "c6mpis85F1UP"
[1] "690615"
[1] "Catch"
[1] "Abd"
[1] "c6mpis85F1UP"
[1] "690629"
[1] "Catch"
[1] "Abd"
[1] "c6mpis85F1UP"
[1] "690671"
[1] "Catch"
[1] "Abd"
[1] "c6mpis85F1UP"
[1] "690598"
[1] "Catch"
[1] "Abd"
[1] "c6mpis85F1UP"
[1] "690606"
[1] "Catch"
[1] "Abd"
[1] "c6mpis85F1UP"
[1] "690610"
[1] "Catch"
[1] "Abd"
[1] "c6mpis85F1UP"
[1] "690631"
[1] "Catch"
[1] "Abd"
[1] "c6mpis85F1UP"
[1] "690676"
[1] "Catch"
[1] "Abd"
[1] "c6mpis85F1UP"
[1] "690680"
[1] "Catch"
[1] "Abd"
[1] "c6mpis85F1UP"
[1] "690616"
[1] "Catch"
[1] "Abd"
[1] "c6mpis85F1UP"
[1] "690617"
[1] "Catch"
[1] "Abd"
[1] "c6mpis85F1UP"
[1] "690619"
[1] "Catch"
[1] "Abd"
[1] "c6mpis85F1UP"
[1] "690677"
[1] "Catch"
[1] "Abd"
[1] "c6mpis85F1UP"
[1] "690682"
[1] "Catch"
[1] "Abd"
[1] "c6mpis85F1UP"
[1] "690690"
[1] "Catch"
[1] "Abd"
[1] "c6mpis85F1UP"
[1] "690651"
[1] "Catch"
[1] "Abd"
[1] "c6mpis85F1UP"
[1] "690658"
[1] "Catch"
[1] "Abd"
[1] "c6mpis85F1UP"
[1] "690675"
[1] "Catch"
[1] "Abd"
[1] "c6mpis85F1UP"
[1] "690684"
[1] "Catch"
[1] "Abd"
[1] "c6mpis85F1UP"
[1] "690693"
[1] "Catch"
[1] "Abd"
[1] "Catch"
[1] "Abd"
[1] "c6mpis85F1UP"
[1] "690678"
[1] "Catch"
[1] "Abd"
[1] "c6mpis85F1UP"
[1] "690679"
[1] "Catch"
[1] "Abd"
[1] "c6mpis85F1UP"
[1] "690681"
[1] "Catch"
[1] "Abd"
[1] "c6mpis85F1UP"
[1] "690694"
[1] "Catch"
[1] "Abd"
[1] "Catch"
[1] "Abd"
[1] "c6mpis85F1UP"
[1] "690686"
[1] "Catch"
[1] "Abd"
[1] "c6mpis85F1UP"
[1] "690688"
[1] "Catch"
[1] "Abd"
[1] "c6mpis85F1UP"
[1] "690692"
[1] "Catch"
[1] "Abd"
[1] "Catch"
[1] "Abd"
[1] "c6mpis85F1UP"
[1] "690696"
[1] "Catch"
[1] "Abd"
[1] "c6mpis85F1UP"
[1] "690751"
[1] "Catch"
[1] "Abd"
[1] "Catch"
[1] "Abd"
[1] "Catch"
[1] "Abd"
