Current working directory: /home/jepa/projects/def-wailung/jepa/etpmc_cc/scripts/run_dbem
Starting run at: Sun 17 Nov 2024 12:48:51 PM PST
here() starts at /project/6006523/jepa/etpmc_cc
── Attaching core tidyverse packages ──────────────────────── tidyverse 2.0.0 ──
✔ dplyr     1.1.4     ✔ readr     2.1.5
✔ forcats   1.0.0     ✔ stringr   1.5.1
✔ ggplot2   3.5.1     ✔ tibble    3.2.1
✔ lubridate 1.9.3     ✔ tidyr     1.3.1
✔ purrr     1.0.2     
── Conflicts ────────────────────────────────────────── tidyverse_conflicts() ──
✖ dplyr::filter() masks stats::filter()
✖ dplyr::lag()    masks stats::lag()
ℹ Use the conflicted package (<http://conflicted.r-lib.org/>) to force all conflicts to become errors
Loading required package: foreach

Attaching package: ‘foreach’

The following objects are masked from ‘package:purrr’:

    accumulate, when

Loading required package: iterators
Loading required package: parallel
[1] "1"
[1] "1"
[1] "test_jepaB"
[1] "600004"
[1] "Abd"
slurmstepd: error: *** JOB 48590046 ON cdr547 CANCELLED AT 2024-11-17T12:54:02 DUE TO TIME LIMIT ***
