Current working directory: /home/jepa/projects/def-wailung/jepa/etpmc_cc/protocols/run_dbem
Starting run at: Thu 20 Feb 2025 03:55:37 PM PST
[1] "6"
[1] "6"
[1] "6"
[1] "c6mpis85F1nr"
[1] "600006"
[1] "c6mpis85F1nr"
[1] "600077"
[1] "c6mpis85F1nr"
[1] "600089"
[1] "c6mpis85F1nr"
[1] "600098"
[1] "c6mpis85F1nr"
[1] "600114"
[1] "c6mpis85F1nr"
[1] "600107"
[1] "Catch"
[1] "Catch"
[1] "Catch"
[1] "Catch"
[1] "c6mpis85F1nr"
[1] "600117"
[1] "c6mpis85F1nr"
[1] "600143"
[1] "Catch"
[1] "Catch"
[1] "c6mpis85F1nr"
[1] "600136"
[1] "c6mpis85F1nr"
[1] "600217"
[1] "c6mpis85F1nr"
[1] "600216"
[1] "c6mpis85F1nr"
[1] "600146"
[1] "Catch"
[1] "Catch"
[1] "Catch"
[1] "Catch"
[1] "c6mpis85F1nr"
[1] "600226"
[1] "Catch"
[1][1] "c6mpis85F1nr" "Catch"

[1] "600348"
[1] "c6mpis85F1nr"
[1] "600752"
[1] "c6mpis85F1nr"
[1] "600223"
[1] "c6mpis85F1nr"
[1] "600412"
[1] "Catch"
[1] "c6mpis85F1nr"
[1] "600382"
[1] "Catch"
[1] "Catch"
[1] "Catch"
[1] "c6mpis85F1nr"
[1] "600868"
[1] "Catch"
[1] "c6mpis85F1nr"
[1] "600886"
[1] "c6mpis85F1nr"
[1] "600785"
[1] "Catch"
[1] "c6mpis85F1nr"
[1] "600875"
[1] "c6mpis85F1nr"
[1] "600753"
[1] "c6mpis85F1nr"
[1] "600874"
[1] "Catch"
[1] "c6mpis85F1nr"
[1] "600917"
[1] "Catch"
[1] "Catch"
[1] "c6mpis85F1nr"
[1] "601906"
[1] "Catch"
[1] "Catch"
[1] "c6mpis85F1nr"
[1] "600912"
[1] "c6mpis85F1nr"
[1] "601732"
[1] "Catch"
[1] "c6mpis85F1nr"
[1] "600898"
[1] "Catch"
[1] "Catch"
[1] "c6mpis85F1nr"
[1] "601408"
[1] "c6mpis85F1nr"
[1] "602534"
[1] "Catch"
[1] "Catch"
[1] "c6mpis85F1nr"
[1] "603334"
[1] "c6mpis85F1nr"
[1] "602532"
[1] "c6mpis85F1nr"
[1] "603539"
[1] "Catch"
[1] "Catch"
[1] "c6mpis85F1nr"
[1] "601917"
[1] "c6mpis85F1nr"
[1] "602535"
[1] "Catch"
[1] "Catch"
[1] "Catch"
[1] "c6mpis85F1nr"
[1] "690032"
[1] "Catch"
[1] "c6mpis85F1nr"
[1] "690619"
[1] "c6mpis85F1nr"
[1] "690433"
[1] "c6mpis85F1nr"
[1] "605548"
[1] "Catch"
[1] "Catch"
[1] "c6mpis85F1nr"
[1] "603915"
[1] "Catch"
[1] "c6mpis85F1nr"
[1] "690206"
[1] "Catch"
[1] "Catch"
[1] "Catch"
[1] "Catch"
[1] "Catch"
[1] "6"
[1] "c6mpis85F1ri"
[1] "600006"
[1] "c6mpis85F1ri"
[1] "600077"
[1] "c6mpis85F1ri"
[1] "600089"
[1] "c6mpis85F1ri"
[1] "600098"
[1] "c6mpis85F1ri"
[1] "600114"
[1] "c6mpis85F1ri"
[1] "600107"
[1] "Catch"
[1] "Catch"
[1] "Catch"
[1] "c6mpis85F1ri"
[1] "600136"
[1] "Catch"
[1] "c6mpis85F1ri"
[1] "600117"
[1] "c6mpis85F1ri"
[1] "600143"
[1] "c6mpis85F1ri"
[1] "600146"
[1] "Catch"
[1] "c6mpis85F1ri"
[1] "600216"
[1] "Catch"
[1] "c6mpis85F1ri"
[1] "600217"
[1] "Catch"
[1] "Catch"
[1] "c6mpis85F1ri"
[1] "600226"
[1] "c6mpis85F1ri"
[1] "600348"
[1] "Catch"
[1] "Catch"
[1] "c6mpis85F1ri"
[1] "600223"
[1] "c6mpis85F1ri"
[1] "600382"
[1] "Catch"
[1] "c6mpis85F1ri"
[1] "600412"
[1] "Catch"
[1] "Catch"
[1] "Catch"
[1] "c6mpis85F1ri"
[1] "600868"
[1] "c6mpis85F1ri"
[1] "600785"
[1] "Catch"
[1] "Catch"
[1] "Catch"
[1] "c6mpis85F1ri"
[1] "600752"
[1] "c6mpis85F1ri"
[1] "600874"
[1] "c6mpis85F1ri"
[1] "600753"
[1] "c6mpis85F1ri"
[1] "600875"
[1] "Catch"
[1] "Catch"
[1] "c6mpis85F1ri"
[1] "600917"
[1] "c6mpis85F1ri"
[1] "600912"
[1] "Catch"
[1] "Catch"
[1] "Catch"
[1] "Catch"
[1] "c6mpis85F1ri"
[1] "600886"
[1] "c6mpis85F1ri"
[1] "601408"
[1] "c6mpis85F1ri"
[1] "600898"
[1] "Catch"
[1] "c6mpis85F1ri"
[1] "601732"
[1] "Catch"
[1] "c6mpis85F1ri"
[1] "602534"
[1][1] "c6mpis85F1ri" "Catch"

[1] "602532"
[1] "Catch"
[1] "Catch"
[1] "c6mpis85F1ri"
[1] "601917"
[1] "Catch"
[1] "Catch"
[1] "c6mpis85F1ri"
[1] "603334"
[1] "c6mpis85F1ri"
[1] "601906"
[1] "c6mpis85F1ri"
[1] "602535"
[1] "c6mpis85F1ri"
[1] "690032"
[1] "Catch"
[1] "Catch"
[1][1] "c6mpis85F1ri"[1] "Catch"
[1] "c6mpis85F1ri"[1][1] "Catch"

 "Catch" "Catch"[1]


 "603915"
[1] "605548"
[1] "c6mpis85F1ri"
[1] "690433"
[1] "c6mpis85F1ri"
[1] "603539"
[1] "c6mpis85F1ri"
[1] "690206"
[1] "Catch"
[1] "Catch"
[1] "Catch"
[1] "Catch"
[1] "Catch"
[1] "c6mpis85F1ri"
[1] "690619"
[1] "Catch"
[1] "6"
[1] "c6mpis85F1sq"
[1] "600006"
[1] "c6mpis85F1sq"
[1] "600077"
[1] "c6mpis85F1sq"
[1] "c6mpis85F1sq"
[1] "600089"
[1] "c6mpis85F1sq"
[1] "600107"
[1] "600098"
[1] "c6mpis85F1sq"
[1] "600114"
[1] "Catch"
[1] "Catch"
[1] "Catch"
[1] "Catch"
[1] "c6mpis85F1sq"
[1] "600217"
[1] "Catch"
[1] "c6mpis85F1sq"
[1] "600136"
[1] "c6mpis85F1sq"
[1] "600216"
[1] "c6mpis85F1sq"
[1] "600117"
[1] "c6mpis85F1sq"
[1] "600146"
[1] "Catch"
[1] "c6mpis85F1sq"
[1] "600143"
[1] "Catch"
[1] "Catch"
[1] "Catch"
[1] "Catch"
[1] "c6mpis85F1sq"
[1] "600223"
[1] "c6mpis85F1sq"
[1] "600752"
[1] "c6mpis85F1sq"
[1] "600412"
[1] "Catch"
[1] "Catch"
[1] "c6mpis85F1sq"
[1] "600226"
[1] "c6mpis85F1sq"
[1] "600348"
[1] "Catch"
[1] "c6mpis85F1sq"
[1] "600753"
[1] "c6mpis85F1sq"
[1] "600382"
[1] "Catch"
[1] "Catch"
[1] "c6mpis85F1sq"
[1] "600875"
[1] "Catch"
[1] "c6mpis85F1sq"
[1] "600886"
[1] "c6mpis85F1sq"
[1] "600785"
[1] "Catch"
[1] "Catch"
[1] "c6mpis85F1sq"
[1] "600898"
[1] "Catch"
[1] "c6mpis85F1sq"
[1] "600868"
[1] "c6mpis85F1sq"
[1] "600874"
[1] "Catch"
[1] "Catch"
[1] "Catch"
[1] "c6mpis85F1sq"
[1] "600912"
[1] "c6mpis85F1sq"
[1] "601906"
[1] "Catch"
[1] "c6mpis85F1sq"
[1] "601732"
[1] "c6mpis85F1sq"
[1] "601917"
[1] "Catch"
[1] "Catch"
[1] "Catch"
[1] "c6mpis85F1sq"
[1] "601408"
[1] "c6mpis85F1sq"
[1] "600917"
[1] "Catch"
[1] "Catch"
[1] "Catch"
[1] "c6mpis85F1sq"
[1] "602532"
[1] "c6mpis85F1sq"
[1] "603334"
[1] "c6mpis85F1sq"
[1] "603539"
[1] "c6mpis85F1sq"
[1] "603915"
[1] "Catch"
[1] "Catch"
[1] "Catch"
[1] "Catch"
[1] "c6mpis85F1sq"
[1] "602534"
[1] "Catch"
[1] "c6mpis85F1sq"
[1] "602535"
[1] "c6mpis85F1sq"
[1] "690433"
[1] "c6mpis85F1sq"
[1][1] "Catch" "605548"

[1] "c6mpis85F1sq"
[1] "690619"
[1] "Catch"
[1] "Catch"
[1] "Catch"
[1] "c6mpis85F1sq"
[1] "690032"
[1] "Catch"
[1] "c6mpis85F1sq"
[1] "690206"
[1] "Catch"
[1] "Catch"
[1] "Catch"
