Current working directory: /home/jepa/projects/def-wailung/jepa/etpmc_cc/protocols/run_dbem
Starting run at: Tue Feb 11 15:49:54 PST 2025
[1] "6"
[1] "c6gfdl85F1sq"
[1] "600006"
[1] "c6gfdl85F1sq"
[1] "600077"
[1] "c6gfdl85F1sq"
[1] "600089"
[1] "c6gfdl85F1sq"
[1] "600098"
[1] "c6gfdl85F1sq"
[1] "600114"
[1] "c6gfdl85F1sq"
[1] "600107"
[1] "Abd"
[1] "Abd"
[1] "Abd"
[1] "Abd"
[1] "Abd"
[1] "Abd"
File not found for year 2073 
File not found for year 2074 
File not found for year 2075 
File not found for year 2076 
File not found for year 2077 
File not found for year 2078 
File not found for year 2079 
File not found for year 2080 
File not found for year 2081 
File not found for year 2082 
File not found for year 2083 
File not found for year 2084 
File not found for year 2085 
File not found for year 2086 
File not found for year 2087 
File not found for year 2088 
File not found for year 2089 
File not found for year 2090 
File not found for year 2091 
File not found for year 2092 
File not found for year 2093 
File not found for year 2094 
File not found for year 2095 
File not found for year 2096 
File not found for year 2097 
File not found for year 2098 
File not found for year 2099 
File not found for year 2100 
File not found for year 2073 
File not found for year 2074 
File not found for year 2075 
File not found for year 2076 
File not found for year 2077 
File not found for year 2078 
File not found for year 2079 
File not found for year 2080 
File not found for year 2081 
File not found for year 2082 
File not found for year 2083 
File not found for year 2084 
File not found for year 2085 
File not found for year 2086 
File not found for year 2087 
File not found for year 2088 
File not found for year 2089 
File not found for year 2090 
File not found for year 2091 
File not found for year 2092 
File not found for year 2093 
File not found for year 2094 
File not found for year 2095 
File not found for year 2096 
File not found for year 2097 
File not found for year 2098 
File not found for year 2099 
File not found for year 2100 
[1] "c6gfdl85F1sq"
[1] "600146"
[1] "c6gfdl85F1sq"
[1] "600217"
[1] "Abd"
[1] "Abd"
File not found for year 2073 
File not found for year 2074 
File not found for year 2075 
File not found for year 2076 
File not found for year 2077 
File not found for year 2078 
File not found for year 2079 
File not found for year 2080 
File not found for year 2081 
File not found for year 2082 
File not found for year 2083 
File not found for year 2084 
File not found for year 2085 
File not found for year 2086 
File not found for year 2087 
File not found for year 2088 
File not found for year 2089 
File not found for year 2090 
File not found for year 2091 
File not found for year 2092 
File not found for year 2093 
File not found for year 2094 
File not found for year 2095 
File not found for year 2096 
File not found for year 2097 
File not found for year 2098 
File not found for year 2099 
File not found for year 2100 
File not found for year 2072 
File not found for year 2073 
File not found for year 2074 
File not found for year 2075 
File not found for year 2076 
File not found for year 2077 
File not found for year 2078 
File not found for year 2079 
File not found for year 2080 
File not found for year 2081 
File not found for year 2082 
File not found for year 2083 
File not found for year 2084 
File not found for year 2085 
File not found for year 2086 
File not found for year 2087 
File not found for year 2088 
File not found for year 2089 
File not found for year 2090 
File not found for year 2091 
File not found for year 2092 
File not found for year 2093 
File not found for year 2094 
File not found for year 2095 
File not found for year 2096 
File not found for year 2097 
File not found for year 2098 
File not found for year 2099 
File not found for year 2100 
File not found for year 2073 
File not found for year 2074 
File not found for year 2075 
File not found for year 2076 
File not found for year 2077 
File not found for year 2078 
File not found for year 2079 
File not found for year 2080 
File not found for year 2081 
File not found for year 2082 
File not found for year 2083 
File not found for year 2084 
File not found for year 2085 
File not found for year 2086 
File not found for year 2087 
File not found for year 2088 
File not found for year 2089 
File not found for year 2090 
File not found for year 2091 
File not found for year 2092 
File not found for year 2093 
File not found for year 2094 
File not found for year 2095 
File not found for year 2096 
File not found for year 2097 
File not found for year 2098 
File not found for year 2099 
File not found for year 2100 
[1] "c6gfdl85F1sq"
[1] "600752"
[1] "Abd"
[1] "c6gfdl85F1sq"
[1] "600216"
[1] "Abd"
[1] "c6gfdl85F1sq"
[1] "600136"
[1] "Abd"
File not found for year 2072 
File not found for year 2073 
File not found for year 2074 
File not found for year 2075 
File not found for year 2076 
File not found for year 2077 
File not found for year 2078 
File not found for year 2079 
File not found for year 2080 
File not found for year 2081 
File not found for year 2082 
File not found for year 2083 
File not found for year 2084 
File not found for year 2085 
File not found for year 2086 
File not found for year 2087 
File not found for year 2088 
File not found for year 2089 
File not found for year 2090 
File not found for year 2091 
File not found for year 2092 
File not found for year 2093 
File not found for year 2094 
File not found for year 2095 
File not found for year 2096 
File not found for year 2097 
File not found for year 2098 
File not found for year 2099 
File not found for year 2100 
[1] "c6gfdl85F1sq"
[1] "600886"
[1] "Abd"
File not found for year 2073 
File not found for year 2074 
File not found for year 2075 
File not found for year 2076 
File not found for year 2077 
File not found for year 2078 
File not found for year 2079 
File not found for year 2080 
File not found for year 2081 
File not found for year 2082 
File not found for year 2083 
File not found for year 2084 
File not found for year 2085 
File not found for year 2086 
File not found for year 2087 
File not found for year 2088 
File not found for year 2089 
File not found for year 2090 
File not found for year 2091 
File not found for year 2092 
File not found for year 2093 
File not found for year 2094 
File not found for year 2095 
File not found for year 2096 
File not found for year 2097 
File not found for year 2098 
File not found for year 2099 
File not found for year 2100 
Error reading file for year 2072 :  no lines available in input 
File not found for year 2073 
File not found for year 2074 
File not found for year 2075 
File not found for year 2076 
File not found for year 2077 
File not found for year 2078 
File not found for year 2079 
File not found for year 2080 
File not found for year 2081 
File not found for year 2082 
File not found for year 2083 
File not found for year 2084 
File not found for year 2085 
File not found for year 2086 
File not found for year 2087 
File not found for year 2088 
File not found for year 2089 
File not found for year 2090 
File not found for year 2091 
File not found for year 2092 
File not found for year 2093 
File not found for year 2094 
File not found for year 2095 
File not found for year 2096 
File not found for year 2097 
File not found for year 2098 
File not found for year 2099 
File not found for year 2100 
[1] "c6gfdl85F1sq"
[1] "600226"
[1] "Abd"
File not found for year 2073 
File not found for year 2074 
File not found for year 2075 
File not found for year 2076 
File not found for year 2077 
File not found for year 2078 
File not found for year 2079 
File not found for year 2080 
File not found for year 2081 
File not found for year 2082 
File not found for year 2083 
File not found for year 2084 
File not found for year 2085 
File not found for year 2086 
File not found for year 2087 
File not found for year 2088 
File not found for year 2089 
File not found for year 2090 
File not found for year 2091 
File not found for year 2092 
File not found for year 2093 
File not found for year 2094 
File not found for year 2095 
File not found for year 2096 
File not found for year 2097 
File not found for year 2098 
File not found for year 2099 
File not found for year 2100 
[1] "c6gfdl85F1sq"
[1] "600412"
[1] "Abd"
File not found for year 2072 
File not found for year 2073 
File not found for year 2074 
File not found for year 2075 
File not found for year 2076 
File not found for year 2077 
File not found for year 2078 
File not found for year 2079 
File not found for year 2080 
File not found for year 2081 
File not found for year 2082 
File not found for year 2083 
File not found for year 2084 
File not found for year 2085 
File not found for year 2086 
File not found for year 2087 
File not found for year 2088 
File not found for year 2089 
File not found for year 2090 
File not found for year 2091 
File not found for year 2092 
File not found for year 2093 
File not found for year 2094 
File not found for year 2095 
File not found for year 2096 
File not found for year 2097 
File not found for year 2098 
File not found for year 2099 
File not found for year 2100 
[1] "c6gfdl85F1sq"
[1] "600382"
[1] "Abd"
[1] "c6gfdl85F1sq"
[1] "601906"
[1] "Abd"
File not found for year 2072 
File not found for year 2073 
File not found for year 2074 
File not found for year 2075 
File not found for year 2076 
File not found for year 2077 
File not found for year 2078 
File not found for year 2079 
File not found for year 2080 
File not found for year 2081 
File not found for year 2082 
File not found for year 2083 
File not found for year 2084 
File not found for year 2085 
File not found for year 2086 
File not found for year 2087 
File not found for year 2088 
File not found for year 2089 
File not found for year 2090 
File not found for year 2091 
File not found for year 2092 
File not found for year 2093 
File not found for year 2094 
File not found for year 2095 
File not found for year 2096 
File not found for year 2097 
File not found for year 2098 
File not found for year 2099 
File not found for year 2100 
[1] "c6gfdl85F1sq"
[1] "600874"
[1] "Abd"
File not found for year 2072 
File not found for year 2073 
File not found for year 2074 
File not found for year 2075 
File not found for year 2076 
File not found for year 2077 
File not found for year 2078 
File not found for year 2079 
File not found for year 2080 
File not found for year 2081 
File not found for year 2082 
File not found for year 2083 
File not found for year 2084 
File not found for year 2085 
File not found for year 2086 
File not found for year 2087 
File not found for year 2088 
File not found for year 2089 
File not found for year 2090 
File not found for year 2091 
File not found for year 2092 
File not found for year 2093 
File not found for year 2094 
File not found for year 2095 
File not found for year 2096 
File not found for year 2097 
File not found for year 2098 
File not found for year 2099 
File not found for year 2100 
File not found for year 2072 
File not found for year 2073 
File not found for year 2074 
File not found for year 2075 
File not found for year 2076 
File not found for year 2077 
File not found for year 2078 
File not found for year 2079 
File not found for year 2080 
File not found for year 2081 
File not found for year 2082 
File not found for year 2083 
File not found for year 2084 
File not found for year 2085 
File not found for year 2086 
File not found for year 2087 
File not found for year 2088 
File not found for year 2089 
File not found for year 2090 
File not found for year 2091 
File not found for year 2092 
File not found for year 2093 
File not found for year 2094 
File not found for year 2095 
File not found for year 2096 
File not found for year 2097 
File not found for year 2098 
File not found for year 2099 
File not found for year 2100 
[1] "c6gfdl85F1sq"
[1] "603539"
[1] "Abd"
[1] "c6gfdl85F1sq"
[1] "600875"
[1] "Abd"
File not found for year 2072 
File not found for year 2073 
File not found for year 2074 
File not found for year 2075 
File not found for year 2076 
File not found for year 2077 
File not found for year 2078 
File not found for year 2079 
File not found for year 2080 
File not found for year 2081 
File not found for year 2082 
File not found for year 2083 
File not found for year 2084 
File not found for year 2085 
File not found for year 2086 
File not found for year 2087 
File not found for year 2088 
File not found for year 2089 
File not found for year 2090 
File not found for year 2091 
File not found for year 2092 
File not found for year 2093 
File not found for year 2094 
File not found for year 2095 
File not found for year 2096 
File not found for year 2097 
File not found for year 2098 
File not found for year 2099 
File not found for year 2100 
[1] "c6gfdl85F1sq"
[1] "601408"
[1] "Abd"
File not found for year 2072 
File not found for year 2073 
File not found for year 2074 
File not found for year 2075 
File not found for year 2076 
File not found for year 2077 
File not found for year 2078 
File not found for year 2079 
File not found for year 2080 
File not found for year 2081 
File not found for year 2082 
File not found for year 2083 
File not found for year 2084 
File not found for year 2085 
File not found for year 2086 
File not found for year 2087 
File not found for year 2088 
File not found for year 2089 
File not found for year 2090 
File not found for year 2091 
File not found for year 2092 
File not found for year 2093 
File not found for year 2094 
File not found for year 2095 
File not found for year 2096 
File not found for year 2097 
File not found for year 2098 
File not found for year 2099 
File not found for year 2100 
File not found for year 2072 
File not found for year 2073 
File not found for year 2074 
File not found for year 2075 
File not found for year 2076 
File not found for year 2077 
File not found for year 2078 
File not found for year 2079 
File not found for year 2080 
File not found for year 2081 
File not found for year 2082 
File not found for year 2083 
File not found for year 2084 
File not found for year 2085 
File not found for year 2086 
File not found for year 2087 
File not found for year 2088 
File not found for year 2089 
File not found for year 2090 
File not found for year 2091 
File not found for year 2092 
File not found for year 2093 
File not found for year 2094 
File not found for year 2095 
File not found for year 2096 
File not found for year 2097 
File not found for year 2098 
File not found for year 2099 
File not found for year 2100 
[1] "c6gfdl85F1sq"
[1] "690619"
[1] "Abd"
[1] "c6gfdl85F1sq"
[1] "601732"
[1] "Abd"
File not found for year 2072 
File not found for year 2073 
File not found for year 2074 
File not found for year 2075 
File not found for year 2076 
File not found for year 2077 
File not found for year 2078 
File not found for year 2079 
File not found for year 2080 
File not found for year 2081 
File not found for year 2082 
File not found for year 2083 
File not found for year 2084 
File not found for year 2085 
File not found for year 2086 
File not found for year 2087 
File not found for year 2088 
File not found for year 2089 
File not found for year 2090 
File not found for year 2091 
File not found for year 2092 
File not found for year 2093 
File not found for year 2094 
File not found for year 2095 
File not found for year 2096 
File not found for year 2097 
File not found for year 2098 
File not found for year 2099 
File not found for year 2100 
File not found for year 2072 
File not found for year 2073 
File not found for year 2074 
File not found for year 2075 
File not found for year 2076 
File not found for year 2077 
File not found for year 2078 
File not found for year 2079 
File not found for year 2080 
File not found for year 2081 
File not found for year 2082 
File not found for year 2083 
File not found for year 2084 
File not found for year 2085 
File not found for year 2086 
File not found for year 2087 
File not found for year 2088 
File not found for year 2089 
File not found for year 2090 
File not found for year 2091 
File not found for year 2092 
File not found for year 2093 
File not found for year 2094 
File not found for year 2095 
File not found for year 2096 
File not found for year 2097 
File not found for year 2098 
File not found for year 2099 
File not found for year 2100 
[1] "c6gfdl85F1sq"
[1] "602535"
[1] "Abd"
File not found for year 2072 
File not found for year 2073 
File not found for year 2074 
File not found for year 2075 
File not found for year 2076 
File not found for year 2077 
File not found for year 2078 
File not found for year 2079 
File not found for year 2080 
File not found for year 2081 
File not found for year 2082 
File not found for year 2083 
File not found for year 2084 
File not found for year 2085 
File not found for year 2086 
File not found for year 2087 
File not found for year 2088 
File not found for year 2089 
File not found for year 2090 
File not found for year 2091 
File not found for year 2092 
File not found for year 2093 
File not found for year 2094 
File not found for year 2095 
File not found for year 2096 
File not found for year 2097 
File not found for year 2098 
File not found for year 2099 
File not found for year 2100 
[1] "c6gfdl85F1sq"
[1] "600785"
[1] "Abd"
File not found for year 2072 
File not found for year 2073 
File not found for year 2074 
File not found for year 2075 
File not found for year 2076 
File not found for year 2077 
File not found for year 2078 
File not found for year 2079 
File not found for year 2080 
File not found for year 2081 
File not found for year 2082 
File not found for year 2083 
File not found for year 2084 
File not found for year 2085 
File not found for year 2086 
File not found for year 2087 
File not found for year 2088 
File not found for year 2089 
File not found for year 2090 
File not found for year 2091 
File not found for year 2092 
File not found for year 2093 
File not found for year 2094 
File not found for year 2095 
File not found for year 2096 
File not found for year 2097 
File not found for year 2098 
File not found for year 2099 
File not found for year 2100 
[1] "c6gfdl85F1sq"
[1] "690206"
[1] "Abd"
File not found for year 2072 
File not found for year 2073 
File not found for year 2074 
File not found for year 2075 
File not found for year 2076 
File not found for year 2077 
File not found for year 2078 
File not found for year 2079 
File not found for year 2080 
File not found for year 2081 
File not found for year 2082 
File not found for year 2083 
File not found for year 2084 
File not found for year 2085 
File not found for year 2086 
File not found for year 2087 
File not found for year 2088 
File not found for year 2089 
File not found for year 2090 
File not found for year 2091 
File not found for year 2092 
File not found for year 2093 
File not found for year 2094 
File not found for year 2095 
File not found for year 2096 
File not found for year 2097 
File not found for year 2098 
File not found for year 2099 
File not found for year 2100 
[1] "c6gfdl85F1sq"
[1] "600912"
[1] "Abd"
File not found for year 2072 
File not found for year 2073 
File not found for year 2074 
File not found for year 2075 
File not found for year 2076 
File not found for year 2077 
File not found for year 2078 
File not found for year 2079 
File not found for year 2080 
File not found for year 2081 
File not found for year 2082 
File not found for year 2083 
File not found for year 2084 
File not found for year 2085 
File not found for year 2086 
File not found for year 2087 
File not found for year 2088 
File not found for year 2089 
File not found for year 2090 
File not found for year 2091 
File not found for year 2092 
File not found for year 2093 
File not found for year 2094 
File not found for year 2095 
File not found for year 2096 
File not found for year 2097 
File not found for year 2098 
File not found for year 2099 
File not found for year 2100 
File not found for year 2072 
File not found for year 2073 
File not found for year 2074 
File not found for year 2075 
File not found for year 2076 
File not found for year 2077 
File not found for year 2078 
File not found for year 2079 
File not found for year 2080 
File not found for year 2081 
File not found for year 2082 
File not found for year 2083 
File not found for year 2084 
File not found for year 2085 
File not found for year 2086 
File not found for year 2087 
File not found for year 2088 
File not found for year 2089 
File not found for year 2090 
File not found for year 2091 
File not found for year 2092 
File not found for year 2093 
File not found for year 2094 
File not found for year 2095 
File not found for year 2096 
File not found for year 2097 
File not found for year 2098 
File not found for year 2099 
File not found for year 2100 
File not found for year 2072 
File not found for year 2073 
File not found for year 2074 
File not found for year 2075 
File not found for year 2076 
File not found for year 2077 
File not found for year 2078 
File not found for year 2079 
File not found for year 2080 
File not found for year 2081 
File not found for year 2082 
File not found for year 2083 
File not found for year 2084 
File not found for year 2085 
File not found for year 2086 
File not found for year 2087 
File not found for year 2088 
File not found for year 2089 
File not found for year 2090 
File not found for year 2091 
File not found for year 2092 
File not found for year 2093 
File not found for year 2094 
File not found for year 2095 
File not found for year 2096 
File not found for year 2097 
File not found for year 2098 
File not found for year 2099 
File not found for year 2100 
[1] "c6gfdl85F1sq"
[1] "602532"
[1] "Abd"
[1] "c6gfdl85F1sq"
[1] "603334"
[1] "Abd"
File not found for year 2072 
File not found for year 2073 
File not found for year 2074 
File not found for year 2075 
File not found for year 2076 
File not found for year 2077 
File not found for year 2078 
File not found for year 2079 
File not found for year 2080 
File not found for year 2081 
File not found for year 2082 
File not found for year 2083 
File not found for year 2084 
File not found for year 2085 
File not found for year 2086 
File not found for year 2087 
File not found for year 2088 
File not found for year 2089 
File not found for year 2090 
File not found for year 2091 
File not found for year 2092 
File not found for year 2093 
File not found for year 2094 
File not found for year 2095 
File not found for year 2096 
File not found for year 2097 
File not found for year 2098 
File not found for year 2099 
File not found for year 2100 
[1] "c6gfdl85F1sq"
[1] "605548"
[1] "Abd"
File not found for year 2072 
File not found for year 2073 
File not found for year 2074 
File not found for year 2075 
File not found for year 2076 
File not found for year 2077 
File not found for year 2078 
File not found for year 2079 
File not found for year 2080 
File not found for year 2081 
File not found for year 2082 
File not found for year 2083 
File not found for year 2084 
File not found for year 2085 
File not found for year 2086 
File not found for year 2087 
File not found for year 2088 
File not found for year 2089 
File not found for year 2090 
File not found for year 2091 
File not found for year 2092 
File not found for year 2093 
File not found for year 2094 
File not found for year 2095 
File not found for year 2096 
File not found for year 2097 
File not found for year 2098 
File not found for year 2099 
File not found for year 2100 
[1] "c6gfdl85F1sq"
[1] "690433"
[1] "Abd"
File not found for year 2072 
File not found for year 2073 
File not found for year 2074 
File not found for year 2075 
File not found for year 2076 
File not found for year 2077 
File not found for year 2078 
File not found for year 2079 
File not found for year 2080 
File not found for year 2081 
File not found for year 2082 
File not found for year 2083 
File not found for year 2084 
File not found for year 2085 
File not found for year 2086 
File not found for year 2087 
File not found for year 2088 
File not found for year 2089 
File not found for year 2090 
File not found for year 2091 
File not found for year 2092 
File not found for year 2093 
File not found for year 2094 
File not found for year 2095 
File not found for year 2096 
File not found for year 2097 
File not found for year 2098 
File not found for year 2099 
File not found for year 2100 
File not found for year 2072 
File not found for year 2073 
File not found for year 2074 
File not found for year 2075 
File not found for year 2076 
File not found for year 2077 
File not found for year 2078 
File not found for year 2079 
File not found for year 2080 
File not found for year 2081 
File not found for year 2082 
File not found for year 2083 
File not found for year 2084 
File not found for year 2085 
File not found for year 2086 
File not found for year 2087 
File not found for year 2088 
File not found for year 2089 
File not found for year 2090 
File not found for year 2091 
File not found for year 2092 
File not found for year 2093 
File not found for year 2094 
File not found for year 2095 
File not found for year 2096 
File not found for year 2097 
File not found for year 2098 
File not found for year 2099 
File not found for year 2100 
