here() starts at /project/6006523/jepa/etpmc_cc
── Attaching core tidyverse packages ──────────────────────── tidyverse 2.0.0 ──
✔ dplyr     1.1.4     ✔ readr     2.1.5
✔ forcats   1.0.0     ✔ stringr   1.5.1
✔ ggplot2   3.5.1     ✔ tibble    3.2.1
✔ lubridate 1.9.3     ✔ tidyr     1.3.1
✔ purrr     1.0.2     
── Conflicts ────────────────────────────────────────── tidyverse_conflicts() ──
✖ dplyr::filter() masks stats::filter()
✖ dplyr::lag()    masks stats::lag()
ℹ Use the conflicted package (<http://conflicted.r-lib.org/>) to force all conflicts to become errors
Loading required package: foreach

Attaching package: ‘foreach’

The following objects are masked from ‘package:purrr’:

    accumulate, when

Loading required package: iterators
Loading required package: parallel
Error in { : task 1 failed - "cannot open the connection"
Calls: %dopar% -> <Anonymous>
In addition: Warning messages:
1: In dir.create(final_path) :
  cannot create dir '/home/jepa/scratch/Results/R/c6ipsl85F0sq', reason 'No such file or directory'
2: In gzfile(file, "wb") :
  cannot open compressed file '/home/jepa/scratch/Results/R/c6ipsl85F0sq/600006Abd.RData', probable reason 'No such file or directory'
Execution halted
