Current working directory: /home/jepa/projects/def-wailung/jepa/etpmc_cc/protocols/run_dbem
Starting run at: Thu 26 Dec 2024 05:43:14 AM PST
here() starts at /project/6006523/jepa/etpmc_cc
── Attaching core tidyverse packages ──────────────────────── tidyverse 2.0.0 ──
✔ dplyr     1.1.4     ✔ readr     2.1.5
✔ forcats   1.0.0     ✔ stringr   1.5.1
✔ ggplot2   3.5.1     ✔ tibble    3.2.1
✔ lubridate 1.9.3     ✔ tidyr     1.3.1
✔ purrr     1.0.2     
── Conflicts ────────────────────────────────────────── tidyverse_conflicts() ──
✖ dplyr::filter() masks stats::filter()
✖ dplyr::lag()    masks stats::lag()
ℹ Use the conflicted package (<http://conflicted.r-lib.org/>) to force all conflicts to become errors
Loading required package: foreach

Attaching package: ‘foreach’

The following objects are masked from ‘package:purrr’:

    accumulate, when

Loading required package: iterators
Loading required package: parallel
[1] "1"
[1] "c6ipsl85F1rpp"
[1] "600006"
[1] "Abd"
[1] "c6ipsl85F1rpp"
[1] "600077"
[1] "Abd"
