Current working directory: /home/jepa/projects/def-wailung/jepa/etpmc_cc/protocols/run_dbem
Starting run at: Tue Feb 11 16:04:12 PST 2025
[1] "6"
[1] "c6gfdl85F1nr"
[1] "600006"
[1] "c6gfdl85F1nr"
[1] "600077"
[1] "c6gfdl85F1nr"
[1] "600089"
[1] "c6gfdl85F1nr"
[1] "600098"
[1] "c6gfdl85F1nr"
[1] "600107"
[1] "c6gfdl85F1nr"
[1] "600114"
[1] "Abd"
[1] "Abd"
[1] "Abd"
[1] "Abd"
[1] "Abd"
[1] "Abd"
[1] "c6gfdl85F1nr"
[1] "600216"
[1] "Abd"
[1] "c6gfdl85F1nr"
[1] "600146"
[1] "Abd"
[1] "c6gfdl85F1nr"
[1] "600217"
[1] "Abd"
[1] "c6gfdl85F1nr"
[1] "600143"
[1] "Abd"
[1] "c6gfdl85F1nr"
[1] "600412"
[1] "Abd"
[1] "c6gfdl85F1nr"
[1] "600136"
[1] "Abd"
[1] "c6gfdl85F1nr"
[1] "600117"
[1] "Abd"
[1] "c6gfdl85F1nr"
[1] "600752"
[1] "Abd"
[1] "c6gfdl85F1nr"
[1] "600226"
[1] "Abd"
[1] "c6gfdl85F1nr"
[1] "600875"
[1] "Abd"
[1] "c6gfdl85F1nr"
[1] "600223"
[1] "Abd"
[1] "c6gfdl85F1nr"
[1] "600886"
[1] "Abd"
[1] "c6gfdl85F1nr"
[1] "600382"
[1] "Abd"
[1] "c6gfdl85F1nr"
[1] "601732"
[1] "Abd"
[1] "c6gfdl85F1nr"
[1] "600874"
[1] "Abd"
[1] "c6gfdl85F1nr"
[1] "601906"
[1] "Abd"
[1] "c6gfdl85F1nr"
[1] "600348"
[1] "Abd"
[1] "c6gfdl85F1nr"
[1] "601408"
[1] "Abd"
[1] "c6gfdl85F1nr"
[1] "603539"
[1] "Abd"
[1] "c6gfdl85F1nr"
[1] "600868"
[1] "Abd"
[1] "c6gfdl85F1nr"
[1] "600753"
[1] "Abd"
[1] "c6gfdl85F1nr"
[1] "602535"
[1] "Abd"
[1] "c6gfdl85F1nr"
[1] "690619"
[1] "Abd"
[1] "c6gfdl85F1nr"
[1] "600917"
[1] "Abd"
[1] "c6gfdl85F1nr"
[1] "600898"
[1] "Abd"
[1] "c6gfdl85F1nr"
[1] "600785"
[1] "Abd"
[1] "c6gfdl85F1nr"
[1] "690206"
[1] "Abd"
[1] "c6gfdl85F1nr"
[1] "602534"
[1] "Abd"
[1] "c6gfdl85F1nr"
[1] "601917"
[1] "Abd"
[1] "c6gfdl85F1nr"
[1] "600912"
[1] "Abd"
[1] "c6gfdl85F1nr"
[1] "603334"
[1] "Abd"
[1] "c6gfdl85F1nr"
[1] "690032"
[1] "Abd"
[1] "c6gfdl85F1nr"
[1] "603915"
[1] "Abd"
[1] "c6gfdl85F1nr"
[1] "602532"
[1] "Abd"
[1] "c6gfdl85F1nr"
[1] "690433"
[1] "Abd"
[1] "c6gfdl85F1nr"
[1] "605548"
[1] "Abd"
[1] "6"
[1] "c6gfdl85F1ri"
[1] "600006"
[1] "c6gfdl85F1ri"
[1] "600077"
[1] "c6gfdl85F1ri"
[1] "600089"
[1] "c6gfdl85F1ri"
[1] "600098"
[1] "c6gfdl85F1ri"
[1] "600107"
[1] "c6gfdl85F1ri"
[1] "600114"
[1] "Abd"
[1] "Abd"
[1] "Abd"
[1] "Abd"
[1] "Abd"
[1] "Abd"
[1] "c6gfdl85F1ri"
[1] "600146"
[1] "Abd"
[1] "c6gfdl85F1ri"
[1] "600217"
[1] "Abd"
[1] "c6gfdl85F1ri"
[1] "600143"
[1] "Abd"
[1] "c6gfdl85F1ri"
[1] "600752"
[1] "Abd"
[1] "c6gfdl85F1ri"
[1] "600117"
[1] "Abd"
[1] "c6gfdl85F1ri"
[1] "600886"
[1] "c6gfdl85F1ri"
[1] "600136"
[1] "Abd"
[1] "Abd"
[1] "c6gfdl85F1ri"
[1] "600216"
[1] "Abd"
[1] "c6gfdl85F1ri"
[1] "600382"
[1] "Abd"
[1] "c6gfdl85F1ri"
[1] "600226"
[1] "Abd"
[1] "c6gfdl85F1ri"
[1] "600223"
[1] "Abd"
[1] "c6gfdl85F1ri"
[1] "601906"
[1] "Abd"
[1] "c6gfdl85F1ri"
[1] "600874"
[1] "Abd"
[1] "c6gfdl85F1ri"
[1] "600412"
[1] "Abd"
[1] "c6gfdl85F1ri"
[1] "603539"
[1] "Abd"
[1] "c6gfdl85F1ri"
[1] "601408"
[1] "Abd"
[1] "c6gfdl85F1ri"
[1] "600348"
[1] "Abd"
[1] "c6gfdl85F1ri"
[1] "690619"
[1] "Abd"
[1] "c6gfdl85F1ri"
[1] "600875"
[1] "Abd"
[1] "c6gfdl85F1ri"
[1] "602535"
[1] "Abd"
[1] "c6gfdl85F1ri"
[1] "600868"
[1] "c6gfdl85F1ri"
[1] "600753"
[1] "Abd"
[1] "Abd"
[1] "c6gfdl85F1ri"
[1] "601732"
[1] "Abd"
[1] "c6gfdl85F1ri"
[1] "600898"
[1] "Abd"
[1] "c6gfdl85F1ri"
[1] "600785"
[1] "Abd"
[1] "c6gfdl85F1ri"
[1] "690206"
[1] "Abd"
[1] "c6gfdl85F1ri"
[1] "600917"
[1] "Abd"
[1] "c6gfdl85F1ri"
[1] "601917"
[1] "Abd"
[1] "c6gfdl85F1ri"
[1] "602534"
[1] "Abd"
[1] "c6gfdl85F1ri"
[1] "600912"
[1] "Abd"
[1] "c6gfdl85F1ri"
[1] "603915"
[1] "Abd"
[1] "c6gfdl85F1ri"
[1] "690032"
[1] "Abd"
[1] "c6gfdl85F1ri"
[1] "602532"
[1] "Abd"
[1] "c6gfdl85F1ri"
[1] "605548"
[1] "Abd"
[1] "c6gfdl85F1ri"
[1] "603334"
[1] "Abd"
[1] "c6gfdl85F1ri"
[1] "690433"
[1] "Abd"
[1] "6"
[1] "c6gfdl85F1rpp"
[1] "600006"
[1] "c6gfdl85F1rpp"
[1] "600077"
[1] "c6gfdl85F1rpp"
[1] "600089"
[1] "c6gfdl85F1rpp"
[1] "600098"
[1] "c6gfdl85F1rpp"
[1] "600107"
[1] "c6gfdl85F1rpp"
[1] "600114"
[1] "Abd"
[1] "Abd"
[1] "Abd"
[1] "Abd"
[1] "Abd"
[1] "Abd"
[1] "c6gfdl85F1rpp"
[1] "600146"
[1] "Abd"
[1] "c6gfdl85F1rpp"
[1] "600217"
[1] "Abd"
[1] "c6gfdl85F1rpp"
[1] "600143"
[1] "Abd"
[1] "c6gfdl85F1rpp"
[1] "600752"
[1] "Abd"
[1] "c6gfdl85F1rpp"
[1] "600117"
[1] "Abd"
[1] "c6gfdl85F1rpp"
[1] "600136"
[1] "Abd"
[1] "c6gfdl85F1rpp"
[1] "600216"
[1] "Abd"
[1] "c6gfdl85F1rpp"
[1] "600886"
[1] "Abd"
[1] "c6gfdl85F1rpp"
[1] "600226"
[1] "Abd"
[1] "c6gfdl85F1rpp"
[1] "600223"
[1] "Abd"
[1] "c6gfdl85F1rpp"
[1] "600382"
[1] "Abd"
[1] "c6gfdl85F1rpp"
[1] "600412"
[1] "c6gfdl85F1rpp"
[1] "601906"
[1] "Abd"
[1] "Abd"
[1] "c6gfdl85F1rpp"
[1] "600874"
[1] "Abd"
[1] "c6gfdl85F1rpp"
[1] "603539"
[1] "Abd"
[1] "c6gfdl85F1rpp"
[1] "600348"
[1] "Abd"
[1] "c6gfdl85F1rpp"
[1] "601408"
[1] "Abd"
[1] "c6gfdl85F1rpp"
[1] "600875"
[1] "Abd"
[1] "c6gfdl85F1rpp"
[1] "690619"
[1] "Abd"
[1] "c6gfdl85F1rpp"
[1] "600868"
[1] "Abd"
[1] "c6gfdl85F1rpp"
[1] "600753"
[1] "Abd"
[1] "c6gfdl85F1rpp"
[1] "602535"
[1] "Abd"
[1] "c6gfdl85F1rpp"
[1] "601732"
[1] "Abd"
[1] "c6gfdl85F1rpp"
[1] "600785"
[1] "Abd"
[1] "c6gfdl85F1rpp"
[1] "600898"
[1] "Abd"
[1] "c6gfdl85F1rpp"
[1] "600917"
[1] "Abd"
[1] "c6gfdl85F1rpp"
[1] "690206"
[1] "Abd"
[1] "c6gfdl85F1rpp"
[1] "601917"
[1] "Abd"
[1] "c6gfdl85F1rpp"
[1] "600912"
[1] "Abd"
[1] "c6gfdl85F1rpp"
[1] "602534"
[1] "Abd"
[1] "c6gfdl85F1rpp"
[1] "603915"
[1] "Abd"
[1] "c6gfdl85F1rpp"
[1] "602532"
[1] "Abd"
[1] "c6gfdl85F1rpp"
[1] "690032"
[1] "Abd"
[1] "c6gfdl85F1rpp"
[1] "605548"
[1] "Abd"
[1] "c6gfdl85F1rpp"
[1] "603334"
[1] "Abd"
[1] "c6gfdl85F1rpp"
[1] "690433"
[1] "Abd"
[1] "6"
[1] "c6gfdl85F1rpc"
[1] "600006"
[1] "c6gfdl85F1rpc"
[1] "600077"
[1] "c6gfdl85F1rpc"
[1] "600089"
[1] "c6gfdl85F1rpc"
[1] "600098"
[1] "c6gfdl85F1rpc"
[1] "600107"
[1] "c6gfdl85F1rpc"
[1] "600114"
[1] "Abd"
[1] "Abd"
[1] "Abd"
[1] "Abd"
[1] "Abd"
[1] "Abd"
[1] "c6gfdl85F1rpc"
[1] "600146"
[1] "Abd"
[1] "c6gfdl85F1rpc"
[1] "600217"
[1] "Abd"
[1] "c6gfdl85F1rpc"
[1] "600143"
[1] "Abd"
[1] "c6gfdl85F1rpc"
[1] "600752"
[1] "Abd"
[1] "c6gfdl85F1rpc"
[1] "600117"
[1] "Abd"
[1] "c6gfdl85F1rpc"
[1] "600216"
[1] "Abd"
[1] "c6gfdl85F1rpc"
[1] "600136"
[1] "Abd"
[1] "c6gfdl85F1rpc"
[1] "600886"
[1] "Abd"
[1] "c6gfdl85F1rpc"
[1] "600223"
[1] "c6gfdl85F1rpc"
[1] "600226"
[1] "Abd"
[1] "Abd"
[1] "c6gfdl85F1rpc"
[1] "600382"
[1] "Abd"
[1] "c6gfdl85F1rpc"
[1] "601906"
[1] "Abd"
[1] "c6gfdl85F1rpc"
[1] "600412"
[1] "Abd"
[1] "c6gfdl85F1rpc"
[1] "600874"
[1] "Abd"
[1] "c6gfdl85F1rpc"
[1] "603539"
[1] "Abd"
[1] "c6gfdl85F1rpc"
[1] "600348"
[1] "c6gfdl85F1rpc"
[1] "601408"
[1] "Abd"
[1] "Abd"
[1] "c6gfdl85F1rpc"
[1] "600875"
[1] "Abd"
[1] "c6gfdl85F1rpc"
[1] "690619"
[1] "Abd"
[1] "c6gfdl85F1rpc"
[1] "600753"
[1] "Abd"
[1] "c6gfdl85F1rpc"
[1] "602535"
[1] "Abd"
[1] "c6gfdl85F1rpc"
[1] "600868"
[1] "Abd"
[1] "c6gfdl85F1rpc"
[1] "601732"
[1] "Abd"
[1] "c6gfdl85F1rpc"
[1] "600898"
[1] "Abd"
[1] "c6gfdl85F1rpc"
[1] "600785"
[1] "Abd"
[1] "c6gfdl85F1rpc"
[1] "600917"
[1] "Abd"
[1] "c6gfdl85F1rpc"
[1] "690206"
[1] "Abd"
[1] "c6gfdl85F1rpc"
[1] "601917"
[1] "Abd"
[1] "c6gfdl85F1rpc"
[1] "600912"
[1] "Abd"
[1] "c6gfdl85F1rpc"
[1] "602534"
[1] "Abd"
[1] "c6gfdl85F1rpc"
[1] "603915"
[1] "Abd"
[1] "c6gfdl85F1rpc"
[1] "602532"
[1] "Abd"
[1] "c6gfdl85F1rpc"
[1] "690032"
[1] "Abd"
[1] "c6gfdl85F1rpc"
[1] "605548"
[1] "Abd"
[1] "c6gfdl85F1rpc"
[1] "603334"
[1] "Abd"
[1] "c6gfdl85F1rpc"
[1] "690433"
[1] "Abd"
