Current working directory is /project/6006523/jepa/etpmc_cc/scripts/run_dbem
Starting run at:Thu 26 Sep 2024 05:30:27 AM PDT
“Starting task: 10”
 Species list:    10
 EtpSppList10.txt    
 Initializing, loading files...
          43
 600006    
 Results/c6gfdlF1sq/600006                                                      
  
 Read Parameters...
 Running Taxon C_hippurus          
 Species/Distributions/S600006.csv       
  1.373090290601201E-007
 Thread           0  starting...
 600077    
 Results/c6gfdlF1sq/600077                                                      
  
 Read Parameters...
 Running Taxon I_platypterus       
 Species/Distributions/S600077.csv       
  1.450221169119777E-007
 Thread           0  starting...
 600089    
 Results/c6gfdlF1sq/600089                                                      
  
 Read Parameters...
 Running Taxon A_solandri          
 Species/Distributions/S600089.csv       
  1.387358905554252E-007
 Thread           0  starting...
 600098    
 Results/c6gfdlF1sq/600098                                                      
  
 Read Parameters...
 Running Taxon E_lineatus          
 Species/Distributions/S600098.csv       
  4.125006806584414E-007
 Thread           0  starting...
 600107    
 Results/c6gfdlF1sq/600107                                                      
  
 Read Parameters...
 Running Taxon K_pelamis           
 Species/Distributions/S600107.csv       
  1.497622406648931E-007
 Thread           0  starting...
 600114    
 Results/c6gfdlF1sq/600114                                                      
  
 Read Parameters...
 Running Taxon S_orientalis        
 Species/Distributions/S600114.csv       
  2.044187841541785E-007
 Thread           0  starting...
 600117    
 Results/c6gfdlF1sq/600117                                                      
  
 Read Parameters...
 Running Taxon S_japonicus         
 Species/Distributions/S600117.csv       
  2.565332915017551E-007
 Thread           0  starting...
 600136    
 Results/c6gfdlF1sq/600136                                                      
  
 Read Parameters...
 Running Taxon S_sierra            
 Species/Distributions/S600136.csv       
  4.332028872726687E-007
 Thread           0  starting...
 600143    
 Results/c6gfdlF1sq/600143                                                      
  
 Read Parameters...
 Running Taxon T_albacares         
 Species/Distributions/S600143.csv       
  1.446506389236125E-007
 Thread           0  starting...
 600146    
 Results/c6gfdlF1sq/600146                                                      
  
 Read Parameters...
 Running Taxon T_obesus            
 Species/Distributions/S600146.csv       
  1.413322031628691E-007
 Thread           0  starting...
 600216    
 Results/c6gfdlF1sq/600216                                                      
  
 Read Parameters...
 Running Taxon M_nigricans         
 Species/Distributions/S600216.csv       
  1.421660936431647E-007
 Thread           0  starting...
 600217    
 Results/c6gfdlF1sq/600217                                                      
  
 Read Parameters...
 Running Taxon M_indica            
 Species/Distributions/S600217.csv       
  1.415384466233915E-007
 Thread           0  starting...
 600218    
 Results/c6gfdlF1sq/600218                                                      
  
 Read Parameters...
 Species/Distributions/S600218.csv       
  1.652830770131598E-007
slurmstepd: error: *** JOB 44610098 ON cdr546 CANCELLED AT 2024-09-26T14:49:30 ***
